\BOOKMARK [1][-]{section.1}{\376\377\000F\000e\000d\000B\000N\000R\000:\000\040\000A\000\040\000F\000u\000l\000l\000y\000\040\000G\000l\000o\000b\000a\000l\000\040\000F\000e\000d\000e\000r\000a\000t\000e\000d\000\040\000G\000a\000u\000s\000s\000i\000a\000n\000\040\000P\000r\000o\000c\000e\000s\000s}{}% 1
\BOOKMARK [1][-]{section.2}{\376\377\000I\000n\000t\000r\000o\000d\000u\000c\000t\000i\000o\000n}{}% 2
\BOOKMARK [1][-]{section.3}{\376\377\000P\000a\000g\000e\000\040\0002\000\040\000o\000f\000\040\0003\0006}{}% 3
\BOOKMARK [1][-]{section.4}{\376\377\000B\000a\000c\000k\000g\000r\000o\000u\000n\000d}{}% 4
\BOOKMARK [1][-]{section.5}{\376\377\000G\000a\000u\000s\000s\000i\000a\000n\000\040\000P\000r\000o\000c\000e\000s\000s\000\040\000a\000n\000d\000\040\000R\000a\000n\000d\000o\000m\000\040\000F\000o\000u\000r\000i\000e\000r\000\040\000F\000e\000a\000t\000u\000r\000e}{}% 5
\BOOKMARK [1][-]{section.6}{\376\377\000L\000i\000k\000e\000l\000i\000h\000o\000o\000d\000:\000\040\000\050\000\040\000y\000\040\000|\000\040\000X\000\040\000,\000\040\000w\000\040\000\051\000\040\000N\000\040\000\050\000\040\000w\000\040\000\040\000\040\000,\000\040\000\040\0002\000\040\000I\000\040\000\051\000\040\000\050\0008\000\051}{}% 6
\BOOKMARK [1][-]{section.7}{\376\377\000\040\000w\000\040\000=\000\040\000\040\000-\000\040\0002\000\040\000A\000\040\000-\000\040\0001\000\040\000\040\000y\000\040\000a\000n\000d\000\040\000A\000\040\000=\000\040\000\040\000-\000\040\0002\000\040\000\040\000\040\000+\000\040\000\040\000-\000\040\0002\000\040\000I\000\040\000\050\0001\0000\000\051}{}% 7
\BOOKMARK [1][-]{section.8}{\376\377\000\040\000k\000\040\000\050\000\040\000\040\000\051\000\040\000=}{}% 8
\BOOKMARK [1][-]{section.9}{\376\377\000P\000a\000g\000e\000\040\0004\000\040\000o\000f\000\040\0003\0006}{}% 9
\BOOKMARK [1][-]{section.10}{\376\377\000F\000e\000d\000e\000r\000a\000t\000e\000d\000\040\000L\000e\000a\000r\000n\000i\000n\000g\000\040\000v\000.\000s\000.\000\040\000D\000i\000s\000t\000r\000i\000b\000u\000t\000e\000d\000\040\000L\000e\000a\000r\000n\000i\000n\000g}{}% 10
\BOOKMARK [1][-]{section.11}{\376\377\000R\000e\000l\000a\000t\000e\000d\000\040\000W\000o\000r\000k}{}% 11
\BOOKMARK [1][-]{section.12}{\376\377\000F\000e\000d\000e\000r\000a\000t\000e\000d\000\040\000L\000e\000a\000r\000n\000i\000n\000g\000\040\000o\000f\000\040\000G\000l\000o\000b\000a\000l\000\040\000G\000P\000s}{}% 12
\BOOKMARK [1][-]{section.13}{\376\377\000P\000a\000g\000e\000\040\0006\000\040\000o\000f\000\040\0003\0006}{}% 13
\BOOKMARK [1][-]{section.14}{\376\377\000G\000P\000\040\000U\000n\000d\000e\000r\000\040\000R\000a\000n\000d\000o\000m\000\040\000F\000e\000a\000t\000u\000r\000e\000\040\000M\000a\000p\000s}{}% 14
\BOOKMARK [1][-]{section.15}{\376\377\000s\000i\000n\000\050\000\040\000\040\000\040\000\040\000\040\000\050\000\040\000x\000\040\000\051\000\051\000\040\000,\000\040\000c\000o\000s\000\050\000\040\000\040\000\040\000\040\000\040\000\050\000\040\000x\000\040\000\051\000\051\000\040\000]\000\040\000\040\000\050\0001\0005\000\051}{}% 15
\BOOKMARK [1][-]{section.16}{\376\377\000P\000a\000g\000e\000\040\0008\000\040\000o\000f\000\040\0003\0006}{}% 16
\BOOKMARK [1][-]{section.17}{\376\377\000F\000e\000d\000B\000N\000R\000:\000\040\000F\000e\000d\000e\000r\000a\000t\000e\000d\000\040\000L\000e\000a\000r\000n\000i\000n\000g\000\040\000o\000f\000\040\000G\000l\000o\000b\000a\000l\000\040\000G\000P\000s\000\040\000w\000i\000t\000h\000\040\000U\000R\000K}{}% 17
\BOOKMARK [1][-]{section.18}{\376\377\000P\000a\000g\000e\000\040\0001\0000\000\040\000o\000f\000\040\0003\0006}{}% 18
\BOOKMARK [1][-]{section.19}{\376\377\000M\000L}{}% 19
\BOOKMARK [1][-]{section.20}{\376\377\000c\000\040\000\040\000w\000\040\000c\000\040\000.\000\040\000\050\0001\0006\000\051}{}% 20
\BOOKMARK [1][-]{section.21}{\376\377\000K\000D\000\040\000=\000\040\000L\000\040\000M\000L\000\040\000k\000d\000\040\000+\000\040\000\040\000*\000\040\000M\000S\000E\000\040\000\050\000\040\000\040\000\040\000\050\000\040\000X\000\040\000k\000d\000\040\000\051\000\040\000\040\000\040\000\040\000\050\000\040\000X\000\040\000k\000d\000\040\000\051\000\040\000,}{}% 21
\BOOKMARK [1][-]{section.22}{\376\377\000\040\000w\000\040\000=\000\040\000\040\000-\000\040\0002\000\040\000\050\000\040\000\040\000-\000\040\0002\000\040\000\040\000\040\000+\000\040\000\040\000-\000\040\0002\000\040\000I\000\040\000\051\000\040\000-\000\040\0001\000\040\000\040\000y\000\040\000\050\0001\0008\000\051}{}% 22
\BOOKMARK [1][-]{section.23}{\376\377\000c\000\040\000\040\000S\000\040\000\050\000\040\000\040\000c\000\040\000y\000\040\000c\000\040\000\051\000\040\000\050\0001\0009\000\051}{}% 23
\BOOKMARK [1][-]{section.24}{\376\377\000E\000n\000h\000a\000n\000c\000e\000\040\000P\000r\000o\000t\000e\000c\000t\000i\000o\000n\000\040\000w\000i\000t\000h\000\040\000D\000P}{}% 24
\BOOKMARK [1][-]{section.25}{\376\377\000P\000a\000g\000e\000\040\0001\0002\000\040\000o\000f\000\040\0003\0006}{}% 25
\BOOKMARK [1][-]{section.26}{\376\377\000[\000\040\000\040\000c\000\040\000y\000\040\000\040\000c}{}% 26
\BOOKMARK [1][-]{section.27}{\376\377\000\040\000\040\000c\000\040\000y\000\040\000c}{}% 27
\BOOKMARK [1][-]{section.28}{\376\377\000[\000\040\000\040\000c\000\040\000\040\000\040\000c\000\040\000\040\000c\000\040\000y\000\040\000c\000\040\000\050\000\040\000\040\000c\000\040\000y\000\040\000c\000\040\000\051\000\040\000\040\000y\000\040}{}% 28
\BOOKMARK [1][-]{section.29}{\376\377\000S\000y\000n\000t\000h\000e\000t\000i\000c\000\040\000E\000x\000p\000e\000r\000i\000m\000e\000n\000t\000s}{}% 29
\BOOKMARK [1][-]{section.30}{\376\377\000P\000a\000g\000e\000\040\0001\0004\000\040\000o\000f\000\040\0003\0006}{}% 30
\BOOKMARK [1][-]{section.31}{\376\377\000R\000e\000a\000l\000\040\000W\000o\000r\000l\000d\000\040\000R\000e\000g\000r\000e\000s\000s\000i\000o\000n\000\040\000T\000a\000s\000k\000s}{}% 31
\BOOKMARK [1][-]{section.32}{\376\377\000P\000e\000r\000s\000o\000n\000a\000l\000i\000z\000a\000t\000i\000o\000n}{}% 32
\BOOKMARK [1][-]{section.33}{\376\377\000P\000a\000g\000e\000\040\0001\0006\000\040\000o\000f\000\040\0003\0006}{}% 33
\BOOKMARK [1][-]{section.34}{\376\377\000D\000i\000f\000f\000e\000r\000e\000n\000t\000i\000a\000l\000\040\000P\000r\000i\000v\000a\000c\000y}{}% 34
\BOOKMARK [1][-]{section.35}{\376\377\000C\000o\000n\000c\000l\000u\000s\000i\000o\000n}{}% 35
\BOOKMARK [1][-]{section.36}{\376\377\000A\000p\000p\000e\000n\000d\000i\000x\000\040\000A\000:\000\040\000P\000r\000i\000v\000a\000c\000y\000\040\000R\000i\000s\000k\000s\000\040\000R\000e\000v\000i\000e\000w\000:\000\040\000W\000h\000y\000\040\000D\000L\000\040\000o\000r\000\040\000F\000e\000a\000t\000u\000r\000e\000\040\000S\000h\000a\000r\000i\000n\000g\000\040\000i\000s\000\040\000N\000o\000t\000\040\000P\000r\000i\000v\000a\000t\000e}{}% 36
\BOOKMARK [1][-]{section.37}{\376\377\000P\000a\000g\000e\000\040\0001\0008\000\040\000o\000f\000\040\0003\0006}{}% 37
\BOOKMARK [1][-]{section.38}{\376\377\000\040\000=\000\040\000d\000i\000a\000g\000\040\000[\000\040\000K\000\040\000-\000\040\000k\000\040\000\050\000\040\000X\000\040\000,\000\040\000U\000\040\000\051\000\040\000k\000\040\000\050\000\040\000U\000\040\000,\000\040\000U\000\040\000\051\000\040\000-\000\040\0001\000\040\000k\000\040\000\050\000\040\000U\000\040\000,\000\040\000X\000\040\000\051\000]}{}% 38
\BOOKMARK [1][-]{section.39}{\376\377\000A\000l\000g\000o\000r\000i\000t\000h\000m\000s}{}% 39
\BOOKMARK [1][-]{section.40}{\376\377\000c\000\040\000\040\000S\000\040\000\040\000c\000\040\000\040\000\040\000c\000\040\000+\000\040\000\040\000-\000\040\0002\000\040\000I\000\040\000\051\000\040\000-\000\040\0001\000\040}{}% 40
\BOOKMARK [1][-]{section.41}{\376\377\000P\000a\000g\000e\000\040\0002\0000\000\040\000o\000f\000\040\0003\0006}{}% 41
\BOOKMARK [1][-]{section.42}{\376\377\000A\000\040\000D\000i\000f\000f\000e\000r\000e\000n\000t\000i\000a\000l\000\040\000P\000r\000i\000v\000a\000c\000y\000\040\000\050\000D\000P\000\051\000\040\000A\000r\000g\000u\000m\000e\000n\000t}{}% 42
\BOOKMARK [1][-]{section.43}{\376\377\000P\000a\000g\000e\000\040\0002\0002\000\040\000o\000f\000\040\0003\0006}{}% 43
\BOOKMARK [1][-]{section.44}{\376\377\000N\000e\000c\000e\000s\000s\000i\000t\000y\000\040\000o\000f\000\040\000R\000a\000n\000d\000o\000m\000\040\000F\000e\000a\000t\000u\000r\000e\000s}{}% 44
\BOOKMARK [1][-]{section.45}{\376\377\000P\000a\000g\000e\000\040\0002\0004\000\040\000o\000f\000\040\0003\0006}{}% 45
\BOOKMARK [1][-]{section.46}{}{}% 46
\BOOKMARK [1][-]{section.47}{\376\377\000P\000a\000g\000e\000\040\0002\0006\000\040\000o\000f\000\040\0003\0006}{}% 47
\BOOKMARK [1][-]{section.48}{\376\377\000=\000\040\0001\000\040\000-\000\040\000F\000\040\000\050\000\040\0002\000\040\000l\000o\000g\000\050\000\040\000t\000\040\000+\000\040\000E\000\040\000\051\000\040\000-\000\040\000\040\0002\000\040\000+\000\040\000\040\0002\000\040\000s\000\040\0002\000\040\000\040\000s}{}% 48
\BOOKMARK [1][-]{section.49}{\376\377\000=\000\040\000F\000\040\000\050\000\040\0002\000\040\000l\000o\000g\000\050\000\040\000E\000\040\000-\000\040\000t\000\040\000\051\000\040\000-\000\040\000\040\0002\000\040\000+\000\040\000\040\0002\000\040\000s\000\040\0002\000\040\000\040\000s}{}% 49
\BOOKMARK [1][-]{section.50}{\376\377\000P\000r\000o\000p\000o\000s\000i\000t\000i\000o\000n\000\040\0003\000.\0004\000\040\000L\000e\000t\000\040\000c\000\040\000,\000\040\000n\000\040\000\040\000R\000\040\000.\000\040\000D\000e\000f\000i\000n\000e\000\040\000\040\000p\000\040\000=\000\040\000[\000\040\0001}{}% 50
\BOOKMARK [1][-]{section.51}{}{}% 51
\BOOKMARK [1][-]{section.52}{\376\377\000P\000a\000g\000e\000\040\0002\0008\000\040\000o\000f\000\040\0003\0006}{}% 52
\BOOKMARK [1][-]{section.53}{\376\377\000P\000a\000g\000e\000\040\0003\0000\000\040\000o\000f\000\040\0003\0006}{}% 53
\BOOKMARK [1][-]{section.54}{\376\377\000D\000e\000c\000l\000a\000r\000a\000t\000i\000o\000n\000s}{}% 54
\BOOKMARK [1][-]{section*.1}{\376\377\000R\000e\000f\000e\000r\000e\000n\000c\000e\000s}{}% 55
