2026-03-18 16:47:05  INFO      pipeline                  ======================================================================
2026-03-18 16:47:05  INFO      pipeline                  RUN START
2026-03-18 16:47:05  INFO      pipeline                    input    = your_paper.pdf
2026-03-18 16:47:05  INFO      pipeline                    template = ieee
2026-03-18 16:47:05  INFO      pipeline                    parser   = heuristic
2026-03-18 16:47:05  INFO      pipeline                  ======================================================================
2026-03-18 16:47:05  INFO      pipeline                  [1/5] Extractor — PDF/DOCX → text + tables + images
2026-03-18 16:47:05  INFO      extractor.pdf_extractor   PDF extraction: 10 blocks, 3762 chars, 0 tables
2026-03-18 16:47:05  INFO      pipeline                    extracted: 3762 chars | 0 tables | 0 images
2026-03-18 16:47:05  INFO      pipeline                  [2/5] Parser — raw text → structured Document
2026-03-18 16:47:05  INFO      parser.heuristic          body_size=9.6  heading_threshold=11.1  blocks=10
2026-03-18 16:47:05  INFO      parser.heuristic          title detected: 'An Example Conference Paper' (font=23.9)
2026-03-18 16:47:05  INFO      parser.heuristic          parse complete: title='An Example Conference Paper'  authors=1  sections=3  refs=0
2026-03-18 16:47:05  INFO      pipeline                    doc: title='An Example Conference Paper'  authors=1  sections=3  tables=0  refs=0
2026-03-18 16:47:05  INFO      pipeline                  [3/5] Normalizer — fix ligatures, unicode, math
2026-03-18 16:47:06  INFO      pipeline                  [4/5] Renderer — Document → LaTeX [ieee]
2026-03-18 16:47:06  ERROR     renderer.jinja_renderer   Jinja2 render error:
Traceback (most recent call last):
  File "C:\Users\janme\Desktop\minor\formatter\renderer\jinja_renderer.py", line 50, in render
    tex = env.get_template(TEMPLATE_FILE).render(
          ~~~~~~~~~~~~~~~~^^^^^^^^^^^^^^^
  File "C:\Users\janme\Desktop\minor\formatter\venv\Lib\site-packages\jinja2\environment.py", line 1016, in get_template
    return self._load_template(name, globals)
           ~~~~~~~~~~~~~~~~~~~^^^^^^^^^^^^^^^
  File "C:\Users\janme\Desktop\minor\formatter\venv\Lib\site-packages\jinja2\environment.py", line 975, in _load_template
    template = self.loader.load(self, name, self.make_globals(globals))
  File "C:\Users\janme\Desktop\minor\formatter\venv\Lib\site-packages\jinja2\loaders.py", line 138, in load
    code = environment.compile(source, name, filename)
  File "C:\Users\janme\Desktop\minor\formatter\venv\Lib\site-packages\jinja2\environment.py", line 771, in compile
    self.handle_exception(source=source_hint)
    ~~~~~~~~~~~~~~~~~~~~~^^^^^^^^^^^^^^^^^^^^
  File "C:\Users\janme\Desktop\minor\formatter\venv\Lib\site-packages\jinja2\environment.py", line 942, in handle_exception
    raise rewrite_traceback_stack(source=source)
  File "C:\Users\janme\Desktop\minor\formatter\template\ieee\template.tex.j2", line 66, in template
    \textbf{\VAR{h | e}}%% if not loop.last & \BLOCK{endif}
    ^^^^^^^^^^^^^^^^^^^^^^^^^
jinja2.exceptions.TemplateSyntaxError: Encountered unknown tag 'endif'. You probably made a nesting mistake. Jinja is expecting this tag, but currently looking for 'endfor' or 'else'. The innermost block that needs to be closed is 'for'.

2026-03-18 16:47:06  CRITICAL  pipeline                  [Renderer] FATAL error: Encountered unknown tag 'endif'. You probably made a nesting mistake. Jinja is expecting this tag, but currently looking for 'endfor' or 'else'. The innermost block that needs to be closed is 'for'.
2026-03-18 16:47:06  CRITICAL  pipeline                  Traceback (most recent call last):
  File "C:\Users\janme\Desktop\minor\formatter\core\pipeline.py", line 104, in _render
    return render(doc, template_name, tdir, config.GENERATED_TEX)
  File "C:\Users\janme\Desktop\minor\formatter\renderer\jinja_renderer.py", line 50, in render
    tex = env.get_template(TEMPLATE_FILE).render(
          ~~~~~~~~~~~~~~~~^^^^^^^^^^^^^^^
  File "C:\Users\janme\Desktop\minor\formatter\venv\Lib\site-packages\jinja2\environment.py", line 1016, in get_template
    return self._load_template(name, globals)
           ~~~~~~~~~~~~~~~~~~~^^^^^^^^^^^^^^^
  File "C:\Users\janme\Desktop\minor\formatter\venv\Lib\site-packages\jinja2\environment.py", line 975, in _load_template
    template = self.loader.load(self, name, self.make_globals(globals))
  File "C:\Users\janme\Desktop\minor\formatter\venv\Lib\site-packages\jinja2\loaders.py", line 138, in load
    code = environment.compile(source, name, filename)
  File "C:\Users\janme\Desktop\minor\formatter\venv\Lib\site-packages\jinja2\environment.py", line 771, in compile
    self.handle_exception(source=source_hint)
    ~~~~~~~~~~~~~~~~~~~~~^^^^^^^^^^^^^^^^^^^^
  File "C:\Users\janme\Desktop\minor\formatter\venv\Lib\site-packages\jinja2\environment.py", line 942, in handle_exception
    raise rewrite_traceback_stack(source=source)
  File "C:\Users\janme\Desktop\minor\formatter\template\ieee\template.tex.j2", line 66, in template
    \textbf{\VAR{h | e}}%% if not loop.last & \BLOCK{endif}
    ^^^^^^^^^^^^^^^^^^^^^^^^^
jinja2.exceptions.TemplateSyntaxError: Encountered unknown tag 'endif'. You probably made a nesting mistake. Jinja is expecting this tag, but currently looking for 'endfor' or 'else'. The innermost block that needs to be closed is 'for'.

2026-03-18 16:51:36  INFO      pipeline                  ======================================================================
2026-03-18 16:51:36  INFO      pipeline                  RUN START
2026-03-18 16:51:36  INFO      pipeline                    input    = your_paper.pdf
2026-03-18 16:51:36  INFO      pipeline                    template = ieee
2026-03-18 16:51:36  INFO      pipeline                    parser   = heuristic
2026-03-18 16:51:36  INFO      pipeline                  ======================================================================
2026-03-18 16:51:36  INFO      pipeline                  [1/5] Extractor — PDF/DOCX → text + tables + images
2026-03-18 16:51:36  INFO      extractor.pdf_extractor   PDF extraction: 10 blocks, 3762 chars, 0 tables
2026-03-18 16:51:36  INFO      pipeline                    extracted: 3762 chars | 0 tables | 0 images
2026-03-18 16:51:36  INFO      pipeline                  [2/5] Parser — raw text → structured Document
2026-03-18 16:51:36  INFO      parser.heuristic          body_size=9.6  heading_threshold=11.1  blocks=10
2026-03-18 16:51:36  INFO      parser.heuristic          title detected: 'An Example Conference Paper' (font=23.9)
2026-03-18 16:51:36  INFO      parser.heuristic          parse complete: title='An Example Conference Paper'  authors=1  sections=3  refs=0
2026-03-18 16:51:36  INFO      pipeline                    doc: title='An Example Conference Paper'  authors=1  sections=3  tables=0  refs=0
2026-03-18 16:51:36  INFO      pipeline                  [3/5] Normalizer — fix ligatures, unicode, math
2026-03-18 16:51:36  INFO      pipeline                  [4/5] Renderer — Document → LaTeX [ieee]
2026-03-18 16:51:36  INFO      pipeline                  [5/5] Compiler — .tex → PDF
2026-03-18 16:51:37  DEBUG     compiler.latex_compiler   pdflatex pass 1 stdout (last 1500 chars):
Users\janme\scoop\apps\latex\current\texmfs\install\tex/context/base/mkii\s
upp-pdf.mkii
[Loading MPS to PDF converter (version 2006.09.02).]
)
(C:\Users\janme\scoop\apps\latex\current\texmfs\install\tex/latex/epstopdf-pkg\
epstopdf-base.sty
(C:\Users\janme\scoop\apps\latex\current\texmfs\install\tex/latex/00miktex\epst
opdf-sys.cfg))
(C:\Users\janme\scoop\apps\latex\current\texmfs\install\tex/latex/psnfss\ts1ptm
.fd)

** Conference Paper **
Before submitting the final camera ready copy, remember to:

 1. Manually equalize the lengths of two columns on the last page
 of your paper;

 2. Ensure that any PostScript and/or PDF output post-processing
 uses only Type 1 fonts and that every step in the generation
 process uses the appropriate paper size.

[1{C:/Users/janme/scoop/apps/latex/current/texmfs/data/fonts/map/pdftex/pdftex.
map}{C:/Users/janme/scoop/apps/latex/current/texmfs/install/fonts/enc/dvips/bas
e/8r.enc}] (generated.aux)

Package rerunfilecheck Warning: File `generated.out' has changed.
(rerunfilecheck)                Rerun to get outlines right
(rerunfilecheck)                or use package `bookmark'.

 )<C:/Users/janme/scoop/apps/latex/current/texmfs/install/fonts/type1/urw/times
/utmb8a.pfb><C:/Users/janme/scoop/apps/latex/current/texmfs/install/fonts/type1
/urw/times/utmbi8a.pfb><C:/Users/janme/scoop/apps/latex/current/texmfs/install/
fonts/type1/urw/times/utmr8a.pfb>
Output written on generated.pdf (1 page, 37715 bytes).
Transcript written on generated.log.

2026-03-18 16:51:37  DEBUG     compiler.latex_compiler   pdflatex pass 2 stdout (last 1500 chars):
))
(C:\Users\janme\scoop\apps\latex\current\texmfs\install\tex/latex/l3backend\l3b
ackend-pdftex.def) (generated.aux)
-- Lines per column: 56 (exact).

(C:\Users\janme\scoop\apps\latex\current\texmfs\install\tex/context/base/mkii\s
upp-pdf.mkii
[Loading MPS to PDF converter (version 2006.09.02).]
)
(C:\Users\janme\scoop\apps\latex\current\texmfs\install\tex/latex/epstopdf-pkg\
epstopdf-base.sty
(C:\Users\janme\scoop\apps\latex\current\texmfs\install\tex/latex/00miktex\epst
opdf-sys.cfg)) (generated.out) (generated.out)
(C:\Users\janme\scoop\apps\latex\current\texmfs\install\tex/latex/psnfss\ts1ptm
.fd)

** Conference Paper **
Before submitting the final camera ready copy, remember to:

 1. Manually equalize the lengths of two columns on the last page
 of your paper;

 2. Ensure that any PostScript and/or PDF output post-processing
 uses only Type 1 fonts and that every step in the generation
 process uses the appropriate paper size.

[1{C:/Users/janme/scoop/apps/latex/current/texmfs/data/fonts/map/pdftex/pdftex.
map}{C:/Users/janme/scoop/apps/latex/current/texmfs/install/fonts/enc/dvips/bas
e/8r.enc}] (generated.aux) )<C:/Users/janme/scoop/apps/latex/current/texmfs/ins
tall/fonts/type1/urw/times/utmb8a.pfb><C:/Users/janme/scoop/apps/latex/current/
texmfs/install/fonts/type1/urw/times/utmbi8a.pfb><C:/Users/janme/scoop/apps/lat
ex/current/texmfs/install/fonts/type1/urw/times/utmr8a.pfb>
Output written on generated.pdf (1 page, 38694 bytes).
Transcript written on generated.log.

2026-03-18 16:51:37  INFO      compiler.latex_compiler   PDF written to C:\Users\janme\Desktop\minor\formatter\output\generated.pdf
2026-03-18 16:51:37  INFO      pipeline                  RUN END — C:\Users\janme\Desktop\minor\formatter\output\generated.pdf  (1.8s)
2026-03-18 16:51:37  INFO      pipeline                  
2026-03-18 16:54:08  INFO      pipeline                  ======================================================================
2026-03-18 16:54:08  INFO      pipeline                  RUN START
2026-03-18 16:54:08  INFO      pipeline                    input    = your_paper.pdf
2026-03-18 16:54:08  INFO      pipeline                    template = ieee
2026-03-18 16:54:08  INFO      pipeline                    parser   = heuristic
2026-03-18 16:54:08  INFO      pipeline                  ======================================================================
2026-03-18 16:54:08  INFO      pipeline                  [1/5] Extractor — PDF/DOCX → text + tables + images
2026-03-18 16:54:08  INFO      extractor.pdf_extractor   PDF extraction: 91 blocks, 6761 chars, 1 tables
2026-03-18 16:54:08  INFO      pipeline                    extracted: 6761 chars | 1 tables | 0 images
2026-03-18 16:54:08  INFO      pipeline                  [2/5] Parser — raw text → structured Document
2026-03-18 16:54:08  INFO      parser.heuristic          body_size=11.9  heading_threshold=13.4  blocks=91
2026-03-18 16:54:08  INFO      parser.heuristic          title detected: 'An Example Conference Paper' (font=17.2)
2026-03-18 16:54:08  INFO      parser.heuristic          parse complete: title='An Example Conference Paper'  authors=3  sections=7  refs=5
2026-03-18 16:54:08  INFO      pipeline                    doc: title='An Example Conference Paper'  authors=3  sections=7  tables=0  refs=5
2026-03-18 16:54:08  INFO      pipeline                  [3/5] Normalizer — fix ligatures, unicode, math
2026-03-18 16:54:08  INFO      pipeline                  [4/5] Renderer — Document → LaTeX [ieee]
2026-03-18 16:54:08  INFO      pipeline                  [5/5] Compiler — .tex → PDF
2026-03-18 16:54:09  DEBUG     compiler.latex_compiler   pdflatex pass 1 stdout (last 1500 chars):
 (version 2006.09.02).]
)
(C:\Users\janme\scoop\apps\latex\current\texmfs\install\tex/latex/epstopdf-pkg\
epstopdf-base.sty
(C:\Users\janme\scoop\apps\latex\current\texmfs\install\tex/latex/00miktex\epst
opdf-sys.cfg)) (generated.out) (generated.out) [1{C:/Users/janme/scoop/apps/lat
ex/current/texmfs/data/fonts/map/pdftex/pdftex.map}{C:/Users/janme/scoop/apps/l
atex/current/texmfs/install/fonts/enc/dvips/base/8r.enc}]
(C:\Users\janme\scoop\apps\latex\current\texmfs\install\tex/latex/psnfss\ts1ptm
.fd)

** Conference Paper **
Before submitting the final camera ready copy, remember to:

 1. Manually equalize the lengths of two columns on the last page
 of your paper;

 2. Ensure that any PostScript and/or PDF output post-processing
 uses only Type 1 fonts and that every step in the generation
 process uses the appropriate paper size.

[2] (generated.aux)

LaTeX Warning: Label(s) may have changed. Rerun to get cross-references right.


Package rerunfilecheck Warning: File `generated.out' has changed.
(rerunfilecheck)                Rerun to get outlines right
(rerunfilecheck)                or use package `bookmark'.

 )<C:/Users/janme/scoop/apps/latex/current/texmfs/install/fonts/type1/urw/times
/utmb8a.pfb><C:/Users/janme/scoop/apps/latex/current/texmfs/install/fonts/type1
/urw/times/utmbi8a.pfb><C:/Users/janme/scoop/apps/latex/current/texmfs/install/
fonts/type1/urw/times/utmr8a.pfb>
Output written on generated.pdf (2 pages, 50484 bytes).
Transcript written on generated.log.

2026-03-18 16:54:09  DEBUG     compiler.latex_compiler   pdflatex pass 2 stdout (last 1500 chars):
:\Users\janme\scoop\apps\latex\current\texmfs\install\tex/latex/l3backend\l3b
ackend-pdftex.def) (generated.aux)
-- Lines per column: 56 (exact).

(C:\Users\janme\scoop\apps\latex\current\texmfs\install\tex/context/base/mkii\s
upp-pdf.mkii
[Loading MPS to PDF converter (version 2006.09.02).]
)
(C:\Users\janme\scoop\apps\latex\current\texmfs\install\tex/latex/epstopdf-pkg\
epstopdf-base.sty
(C:\Users\janme\scoop\apps\latex\current\texmfs\install\tex/latex/00miktex\epst
opdf-sys.cfg)) (generated.out) (generated.out) [1{C:/Users/janme/scoop/apps/lat
ex/current/texmfs/data/fonts/map/pdftex/pdftex.map}{C:/Users/janme/scoop/apps/l
atex/current/texmfs/install/fonts/enc/dvips/base/8r.enc}]
(C:\Users\janme\scoop\apps\latex\current\texmfs\install\tex/latex/psnfss\ts1ptm
.fd)

** Conference Paper **
Before submitting the final camera ready copy, remember to:

 1. Manually equalize the lengths of two columns on the last page
 of your paper;

 2. Ensure that any PostScript and/or PDF output post-processing
 uses only Type 1 fonts and that every step in the generation
 process uses the appropriate paper size.

[2] (generated.aux) )<C:/Users/janme/scoop/apps/latex/current/texmfs/install/fo
nts/type1/urw/times/utmb8a.pfb><C:/Users/janme/scoop/apps/latex/current/texmfs/
install/fonts/type1/urw/times/utmbi8a.pfb><C:/Users/janme/scoop/apps/latex/curr
ent/texmfs/install/fonts/type1/urw/times/utmr8a.pfb>
Output written on generated.pdf (2 pages, 52031 bytes).
Transcript written on generated.log.

2026-03-18 16:54:09  INFO      compiler.latex_compiler   PDF written to C:\Users\janme\Desktop\minor\formatter\output\generated.pdf
2026-03-18 16:54:09  INFO      pipeline                  RUN END — C:\Users\janme\Desktop\minor\formatter\output\generated.pdf  (1.6s)
2026-03-18 16:54:09  INFO      pipeline                  
2026-03-18 16:56:54  WARNING   extractor.pdf_extractor   pymupdf not installed — falling back to plain text extraction
2026-03-18 16:56:55  INFO      extractor.pdf_extractor   PDF extraction: 1 blocks, 6599 chars, 1 tables
2026-03-18 16:59:08  WARNING   extractor.pdf_extractor   pymupdf not installed — falling back to plain text extraction
2026-03-18 16:59:09  INFO      extractor.pdf_extractor   Fallback extraction: 103 line-blocks from 5 pages
2026-03-18 16:59:09  INFO      extractor.pdf_extractor   PDF extraction: 103 blocks, 6701 chars, 1 tables
2026-03-18 16:59:09  INFO      parser.heuristic          Attached 1 table(s) to sections
2026-03-18 16:59:09  INFO      parser.heuristic          Extracted 5 references
2026-03-18 16:59:09  INFO      parser.heuristic          parse: title='An Example Conference Paper'  authors=1  sections=7  refs=5
2026-03-18 16:59:16  WARNING   extractor.pdf_extractor   pymupdf not installed — falling back to plain text extraction
2026-03-18 16:59:17  INFO      extractor.pdf_extractor   Fallback extraction: 103 line-blocks from 5 pages
2026-03-18 16:59:17  INFO      extractor.pdf_extractor   PDF extraction: 103 blocks, 6701 chars, 1 tables
2026-03-18 16:59:25  WARNING   extractor.pdf_extractor   pymupdf not installed — falling back to plain text extraction
2026-03-18 16:59:25  INFO      extractor.pdf_extractor   Fallback extraction: 103 line-blocks from 5 pages
2026-03-18 16:59:25  INFO      extractor.pdf_extractor   PDF extraction: 103 blocks, 6701 chars, 1 tables
2026-03-18 17:00:21  WARNING   extractor.pdf_extractor   pymupdf not installed — falling back to plain text extraction
2026-03-18 17:00:21  INFO      extractor.pdf_extractor   Fallback extraction: 103 line-blocks from 5 pages
2026-03-18 17:00:22  INFO      extractor.pdf_extractor   PDF extraction: 103 blocks, 6701 chars, 1 tables
2026-03-18 17:00:22  INFO      parser.heuristic          Attached 1 table(s) to sections
2026-03-18 17:00:22  INFO      parser.heuristic          Extracted 5 references
2026-03-18 17:00:22  INFO      parser.heuristic          parse: title='An Example Conference Paper'  authors=1  sections=6  refs=5
2026-03-18 17:00:28  INFO      pipeline                  ======================================================================
2026-03-18 17:00:28  INFO      pipeline                  RUN START
2026-03-18 17:00:28  INFO      pipeline                    input    = your_paper.pdf
2026-03-18 17:00:28  INFO      pipeline                    template = ieee
2026-03-18 17:00:28  INFO      pipeline                    parser   = heuristic
2026-03-18 17:00:28  INFO      pipeline                  ======================================================================
2026-03-18 17:00:28  INFO      pipeline                  [1/5] Extractor — PDF/DOCX → text + tables + images
2026-03-18 17:00:28  WARNING   extractor.pdf_extractor   pymupdf not installed — falling back to plain text extraction
2026-03-18 17:00:29  INFO      extractor.pdf_extractor   Fallback extraction: 103 line-blocks from 5 pages
2026-03-18 17:00:29  INFO      extractor.pdf_extractor   PDF extraction: 103 blocks, 6701 chars, 1 tables
2026-03-18 17:00:29  INFO      pipeline                    extracted: 6701 chars | 1 tables | 0 images
2026-03-18 17:00:29  INFO      pipeline                  [2/5] Parser — raw text → structured Document
2026-03-18 17:00:29  INFO      parser.heuristic          Attached 1 table(s) to sections
2026-03-18 17:00:29  INFO      parser.heuristic          Extracted 5 references
2026-03-18 17:00:29  INFO      parser.heuristic          parse: title='An Example Conference Paper'  authors=1  sections=6  refs=5
2026-03-18 17:00:29  INFO      pipeline                    doc: title='An Example Conference Paper'  authors=1  sections=6  tables=1  refs=5
2026-03-18 17:00:29  INFO      pipeline                  [3/5] Normalizer — fix ligatures, unicode, math
2026-03-18 17:00:29  INFO      pipeline                  [4/5] Renderer — Document → LaTeX [ieee]
2026-03-18 17:00:29  INFO      pipeline                  [5/5] Compiler — .tex → PDF
2026-03-18 17:00:35  DEBUG     compiler.latex_compiler   pdflatex pass 1 stdout (last 1500 chars):
.4269pt too wide) in paragraph at lines 34--35
[]\OT1/ptm/m/n/10 Hereiswhereyoumightfocusonsomethingmorecloselyrelatedtoyourca
chestudy,
(/usr/share/texlive/texmf-dist/tex/latex/amsfonts/umsa.fd)
(/usr/share/texlive/texmf-dist/tex/latex/amsfonts/umsb.fd)
Overfull \hbox (155.96571pt too wide) in paragraph at lines 41--60
 [][] 
(/usr/share/texlive/texmf-dist/tex/latex/psnfss/ts1ptm.fd) [1{/var/lib/texmf/fo
nts/map/pdftex/updmap/pdftex.map}]

** Conference Paper **
Before submitting the final camera ready copy, remember to:

 1. Manually equalize the lengths of two columns on the last page
 of your paper;

 2. Ensure that any PostScript and/or PDF output post-processing
 uses only Type 1 fonts and that every step in the generation
 process uses the appropriate paper size.

[2] (./generated.aux)

Package rerunfilecheck Warning: File `generated.out' has changed.
(rerunfilecheck)                Rerun to get outlines right
(rerunfilecheck)                or use package `bookmark'.

 )
(see the transcript file for additional information)pdfTeX warning (dest): name
{section.7} has been referenced but does not exist, replaced by a fixed one

{/usr/share/texlive/texmf-dist/fonts/enc/dvips/base/8r.enc}</usr/share/texlive/
texmf-dist/fonts/type1/urw/times/utmb8a.pfb></usr/share/texlive/texmf-dist/font
s/type1/urw/times/utmbi8a.pfb></usr/share/texlive/texmf-dist/fonts/type1/urw/ti
mes/utmr8a.pfb>
Output written on generated.pdf (2 pages, 49727 bytes).
Transcript written on generated.log.

2026-03-18 17:00:41  DEBUG     compiler.latex_compiler   pdflatex pass 2 stdout (last 1500 chars):
ex/latexconfig/epstopdf-sys.cfg))
(/usr/share/texlive/texmf-dist/tex/latex/hyperref/nameref.sty
(/usr/share/texlive/texmf-dist/tex/latex/refcount/refcount.sty)
(/usr/share/texlive/texmf-dist/tex/generic/gettitlestring/gettitlestring.sty))
(./generated.out) (./generated.out)
Overfull \hbox (68.4269pt too wide) in paragraph at lines 34--35
[]\OT1/ptm/m/n/10 Hereiswhereyoumightfocusonsomethingmorecloselyrelatedtoyourca
chestudy,
(/usr/share/texlive/texmf-dist/tex/latex/amsfonts/umsa.fd)
(/usr/share/texlive/texmf-dist/tex/latex/amsfonts/umsb.fd)
Overfull \hbox (155.96571pt too wide) in paragraph at lines 41--60
 [][] 
(/usr/share/texlive/texmf-dist/tex/latex/psnfss/ts1ptm.fd) [1{/var/lib/texmf/fo
nts/map/pdftex/updmap/pdftex.map}]

** Conference Paper **
Before submitting the final camera ready copy, remember to:

 1. Manually equalize the lengths of two columns on the last page
 of your paper;

 2. Ensure that any PostScript and/or PDF output post-processing
 uses only Type 1 fonts and that every step in the generation
 process uses the appropriate paper size.

[2] (./generated.aux) )
(see the transcript file for additional information){/usr/share/texlive/texmf-d
ist/fonts/enc/dvips/base/8r.enc}</usr/share/texlive/texmf-dist/fonts/type1/urw/
times/utmb8a.pfb></usr/share/texlive/texmf-dist/fonts/type1/urw/times/utmbi8a.p
fb></usr/share/texlive/texmf-dist/fonts/type1/urw/times/utmr8a.pfb>
Output written on generated.pdf (2 pages, 49654 bytes).
Transcript written on generated.log.

2026-03-18 17:00:42  INFO      compiler.latex_compiler   PDF written to /sessions/sweet-wonderful-gates/mnt/formatter/output/generated.pdf
2026-03-18 17:00:42  INFO      pipeline                  RUN END — /sessions/sweet-wonderful-gates/mnt/formatter/output/generated.pdf  (13.9s)
2026-03-18 17:00:42  INFO      pipeline                  
2026-03-18 17:01:15  INFO      pipeline                  ======================================================================
2026-03-18 17:01:15  INFO      pipeline                  RUN START
2026-03-18 17:01:15  INFO      pipeline                    input    = your_paper.pdf
2026-03-18 17:01:15  INFO      pipeline                    template = ieee
2026-03-18 17:01:15  INFO      pipeline                    parser   = heuristic
2026-03-18 17:01:15  INFO      pipeline                  ======================================================================
2026-03-18 17:01:15  INFO      pipeline                  [1/5] Extractor — PDF/DOCX → text + tables + images
2026-03-18 17:01:16  INFO      extractor.pdf_extractor   PDF extraction: 91 blocks, 6761 chars, 1 tables
2026-03-18 17:01:16  INFO      pipeline                    extracted: 6761 chars | 1 tables | 0 images
2026-03-18 17:01:16  INFO      pipeline                  [2/5] Parser — raw text → structured Document
2026-03-18 17:01:16  INFO      parser.heuristic          Attached 1 table(s) to sections
2026-03-18 17:01:16  INFO      parser.heuristic          Extracted 5 references
2026-03-18 17:01:16  INFO      parser.heuristic          parse: title='An Example Conference Paper'  authors=1  sections=7  refs=5
2026-03-18 17:01:16  INFO      pipeline                    doc: title='An Example Conference Paper'  authors=1  sections=7  tables=1  refs=5
2026-03-18 17:01:16  INFO      pipeline                  [3/5] Normalizer — fix ligatures, unicode, math
2026-03-18 17:01:16  INFO      pipeline                  [4/5] Renderer — Document → LaTeX [ieee]
2026-03-18 17:01:16  INFO      pipeline                  [5/5] Compiler — .tex → PDF
2026-03-18 17:01:16  DEBUG     compiler.latex_compiler   pdflatex pass 1 stdout (last 1500 chars):
 (generated.out) (generated.out)
(C:\Users\janme\scoop\apps\latex\current\texmfs\install\tex/latex/amsfonts\umsa
.fd)
(C:\Users\janme\scoop\apps\latex\current\texmfs\install\tex/latex/amsfonts\umsb
.fd)
Overfull \hbox (155.96571pt too wide) in paragraph at lines 89--108
 [][] 
[1{C:/Users/janme/scoop/apps/latex/current/texmfs/data/fonts/map/pdftex/pdftex.
map}{C:/Users/janme/scoop/apps/latex/current/texmfs/install/fonts/enc/dvips/bas
e/8r.enc}]
(C:\Users\janme\scoop\apps\latex\current\texmfs\install\tex/latex/psnfss\ts1ptm
.fd)

** Conference Paper **
Before submitting the final camera ready copy, remember to:

 1. Manually equalize the lengths of two columns on the last page
 of your paper;

 2. Ensure that any PostScript and/or PDF output post-processing
 uses only Type 1 fonts and that every step in the generation
 process uses the appropriate paper size.

[2] (generated.aux)

Package rerunfilecheck Warning: File `generated.out' has changed.
(rerunfilecheck)                Rerun to get outlines right
(rerunfilecheck)                or use package `bookmark'.

 )
(see the transcript file for additional information)<C:/Users/janme/scoop/apps/
latex/current/texmfs/install/fonts/type1/urw/times/utmb8a.pfb><C:/Users/janme/s
coop/apps/latex/current/texmfs/install/fonts/type1/urw/times/utmbi8a.pfb><C:/Us
ers/janme/scoop/apps/latex/current/texmfs/install/fonts/type1/urw/times/utmr8a.
pfb>
Output written on generated.pdf (2 pages, 54645 bytes).
Transcript written on generated.log.

2026-03-18 17:01:17  DEBUG     compiler.latex_compiler   pdflatex pass 2 stdout (last 1500 chars):
Users\janme\scoop\apps\latex\current\texmfs\install\tex/latex/epstopdf-pkg\
epstopdf-base.sty
(C:\Users\janme\scoop\apps\latex\current\texmfs\install\tex/latex/00miktex\epst
opdf-sys.cfg)) (generated.out) (generated.out)
(C:\Users\janme\scoop\apps\latex\current\texmfs\install\tex/latex/amsfonts\umsa
.fd)
(C:\Users\janme\scoop\apps\latex\current\texmfs\install\tex/latex/amsfonts\umsb
.fd)
Overfull \hbox (155.96571pt too wide) in paragraph at lines 89--108
 [][] 
[1{C:/Users/janme/scoop/apps/latex/current/texmfs/data/fonts/map/pdftex/pdftex.
map}{C:/Users/janme/scoop/apps/latex/current/texmfs/install/fonts/enc/dvips/bas
e/8r.enc}]
(C:\Users\janme\scoop\apps\latex\current\texmfs\install\tex/latex/psnfss\ts1ptm
.fd)

** Conference Paper **
Before submitting the final camera ready copy, remember to:

 1. Manually equalize the lengths of two columns on the last page
 of your paper;

 2. Ensure that any PostScript and/or PDF output post-processing
 uses only Type 1 fonts and that every step in the generation
 process uses the appropriate paper size.

[2] (generated.aux) )
(see the transcript file for additional information)<C:/Users/janme/scoop/apps/
latex/current/texmfs/install/fonts/type1/urw/times/utmb8a.pfb><C:/Users/janme/s
coop/apps/latex/current/texmfs/install/fonts/type1/urw/times/utmbi8a.pfb><C:/Us
ers/janme/scoop/apps/latex/current/texmfs/install/fonts/type1/urw/times/utmr8a.
pfb>
Output written on generated.pdf (2 pages, 54905 bytes).
Transcript written on generated.log.

2026-03-18 17:01:17  INFO      compiler.latex_compiler   PDF written to C:\Users\janme\Desktop\minor\formatter\output\generated.pdf
2026-03-18 17:01:17  INFO      pipeline                  RUN END — C:\Users\janme\Desktop\minor\formatter\output\generated.pdf  (1.6s)
2026-03-18 17:01:17  INFO      pipeline                  
2026-03-18 17:06:09  INFO      pipeline                  ======================================================================
2026-03-18 17:06:09  INFO      pipeline                  RUN START
2026-03-18 17:06:09  INFO      pipeline                    input    = your_paper.pdf
2026-03-18 17:06:09  INFO      pipeline                    template = ieee
2026-03-18 17:06:09  INFO      pipeline                    parser   = heuristic
2026-03-18 17:06:09  INFO      pipeline                  ======================================================================
2026-03-18 17:06:09  INFO      pipeline                  [1/5] Extractor — PDF/DOCX → text + tables + images
2026-03-18 17:06:09  WARNING   extractor.pdf_extractor   pymupdf not installed — falling back to plain text extraction
2026-03-18 17:06:09  INFO      extractor.pdf_extractor   Fallback extraction: 103 line-blocks from 5 pages
2026-03-18 17:06:10  INFO      extractor.pdf_extractor   PDF extraction: 103 blocks, 6701 chars, 1 tables
2026-03-18 17:06:10  INFO      pipeline                    extracted: 6701 chars | 1 tables | 0 images
2026-03-18 17:06:10  INFO      pipeline                  [2/5] Parser — raw text → structured Document
2026-03-18 17:06:10  INFO      parser.heuristic          Attached 1 table(s) to sections
2026-03-18 17:06:10  INFO      parser.heuristic          Extracted 5 references
2026-03-18 17:06:10  INFO      parser.heuristic          parse: title='An Example Conference Paper'  authors=1  sections=6  refs=5
2026-03-18 17:06:10  INFO      pipeline                    doc: title='An Example Conference Paper'  authors=1  sections=6  tables=1  refs=5
2026-03-18 17:06:10  INFO      pipeline                  [3/5] Normalizer — fix ligatures, unicode, math
2026-03-18 17:06:10  INFO      pipeline                  [4/5] Renderer — Document → LaTeX [ieee]
2026-03-18 17:06:10  INFO      pipeline                  [5/5] Compiler — .tex → PDF
2026-03-18 17:06:14  DEBUG     compiler.latex_compiler   pdflatex pass 1 stdout (last 1500 chars):
ettitlestring.sty))
(./generated.out) (./generated.out)
Overfull \hbox (68.4269pt too wide) in paragraph at lines 34--35
[]\OT1/ptm/m/n/10 Hereiswhereyoumightfocusonsomethingmorecloselyrelatedtoyourca
chestudy,
(/usr/share/texlive/texmf-dist/tex/latex/amsfonts/umsa.fd)
(/usr/share/texlive/texmf-dist/tex/latex/amsfonts/umsb.fd)
(/usr/share/texlive/texmf-dist/tex/latex/psnfss/ts1ptm.fd) [1{/var/lib/texmf/fo
nts/map/pdftex/updmap/pdftex.map}]

** Conference Paper **
Before submitting the final camera ready copy, remember to:

 1. Manually equalize the lengths of two columns on the last page
 of your paper;

 2. Ensure that any PostScript and/or PDF output post-processing
 uses only Type 1 fonts and that every step in the generation
 process uses the appropriate paper size.

[2] (./generated.aux)

Package rerunfilecheck Warning: File `generated.out' has changed.
(rerunfilecheck)                Rerun to get outlines right
(rerunfilecheck)                or use package `bookmark'.

 )
(see the transcript file for additional information)pdfTeX warning (dest): name
{section.7} has been referenced but does not exist, replaced by a fixed one

{/usr/share/texlive/texmf-dist/fonts/enc/dvips/base/8r.enc}</usr/share/texlive/
texmf-dist/fonts/type1/urw/times/utmb8a.pfb></usr/share/texlive/texmf-dist/font
s/type1/urw/times/utmbi8a.pfb></usr/share/texlive/texmf-dist/fonts/type1/urw/ti
mes/utmr8a.pfb>
Output written on generated.pdf (2 pages, 49766 bytes).
Transcript written on generated.log.

2026-03-18 17:06:20  DEBUG     compiler.latex_compiler   pdflatex pass 2 stdout (last 1500 chars):
atex/epstopdf-pkg/epstopdf-base.sty
(/usr/share/texlive/texmf-dist/tex/latex/latexconfig/epstopdf-sys.cfg))
(/usr/share/texlive/texmf-dist/tex/latex/hyperref/nameref.sty
(/usr/share/texlive/texmf-dist/tex/latex/refcount/refcount.sty)
(/usr/share/texlive/texmf-dist/tex/generic/gettitlestring/gettitlestring.sty))
(./generated.out) (./generated.out)
Overfull \hbox (68.4269pt too wide) in paragraph at lines 34--35
[]\OT1/ptm/m/n/10 Hereiswhereyoumightfocusonsomethingmorecloselyrelatedtoyourca
chestudy,
(/usr/share/texlive/texmf-dist/tex/latex/amsfonts/umsa.fd)
(/usr/share/texlive/texmf-dist/tex/latex/amsfonts/umsb.fd)
(/usr/share/texlive/texmf-dist/tex/latex/psnfss/ts1ptm.fd) [1{/var/lib/texmf/fo
nts/map/pdftex/updmap/pdftex.map}]

** Conference Paper **
Before submitting the final camera ready copy, remember to:

 1. Manually equalize the lengths of two columns on the last page
 of your paper;

 2. Ensure that any PostScript and/or PDF output post-processing
 uses only Type 1 fonts and that every step in the generation
 process uses the appropriate paper size.

[2] (./generated.aux) )
(see the transcript file for additional information){/usr/share/texlive/texmf-d
ist/fonts/enc/dvips/base/8r.enc}</usr/share/texlive/texmf-dist/fonts/type1/urw/
times/utmb8a.pfb></usr/share/texlive/texmf-dist/fonts/type1/urw/times/utmbi8a.p
fb></usr/share/texlive/texmf-dist/fonts/type1/urw/times/utmr8a.pfb>
Output written on generated.pdf (2 pages, 49694 bytes).
Transcript written on generated.log.

2026-03-18 17:06:20  INFO      compiler.latex_compiler   PDF written to /sessions/sweet-wonderful-gates/mnt/formatter/output/generated.pdf
2026-03-18 17:06:20  INFO      pipeline                  RUN END — /sessions/sweet-wonderful-gates/mnt/formatter/output/generated.pdf  (11.1s)
2026-03-18 17:06:20  INFO      pipeline                  
2026-03-18 17:06:47  INFO      pipeline                  ======================================================================
2026-03-18 17:06:47  INFO      pipeline                  RUN START
2026-03-18 17:06:47  INFO      pipeline                    input    = your_paper.pdf
2026-03-18 17:06:47  INFO      pipeline                    template = ieee
2026-03-18 17:06:47  INFO      pipeline                    parser   = heuristic
2026-03-18 17:06:47  INFO      pipeline                  ======================================================================
2026-03-18 17:06:47  INFO      pipeline                  [1/5] Extractor — PDF/DOCX → text + tables + images
2026-03-18 17:06:47  WARNING   extractor.pdf_extractor   pymupdf not installed — falling back to plain text extraction
2026-03-18 17:06:48  INFO      extractor.pdf_extractor   Fallback extraction: 103 line-blocks from 5 pages
2026-03-18 17:06:48  INFO      extractor.pdf_extractor   PDF extraction: 103 blocks, 6701 chars, 1 tables
2026-03-18 17:06:48  INFO      pipeline                    extracted: 6701 chars | 1 tables | 0 images
2026-03-18 17:06:48  INFO      pipeline                  [2/5] Parser — raw text → structured Document
2026-03-18 17:06:48  INFO      parser.heuristic          Attached 1 table(s) to sections
2026-03-18 17:06:48  INFO      parser.heuristic          Extracted 5 references
2026-03-18 17:06:48  INFO      parser.heuristic          parse: title='An Example Conference Paper'  authors=1  sections=6  refs=5
2026-03-18 17:06:48  INFO      pipeline                    doc: title='An Example Conference Paper'  authors=1  sections=6  tables=1  refs=5
2026-03-18 17:06:48  INFO      pipeline                  [3/5] Normalizer — fix ligatures, unicode, math
2026-03-18 17:06:48  INFO      pipeline                  [4/5] Renderer — Document → LaTeX [ieee]
2026-03-18 17:06:48  INFO      pipeline                  [5/5] Compiler — .tex → PDF
2026-03-18 17:06:54  DEBUG     compiler.latex_compiler   pdflatex pass 1 stdout (last 1500 chars):
atex/epstopdf-pkg/epstopdf-base.sty
(/usr/share/texlive/texmf-dist/tex/latex/latexconfig/epstopdf-sys.cfg))
(/usr/share/texlive/texmf-dist/tex/latex/hyperref/nameref.sty
(/usr/share/texlive/texmf-dist/tex/latex/refcount/refcount.sty)
(/usr/share/texlive/texmf-dist/tex/generic/gettitlestring/gettitlestring.sty))
(./generated.out) (./generated.out)
Overfull \hbox (68.4269pt too wide) in paragraph at lines 34--35
[]\OT1/ptm/m/n/10 Hereiswhereyoumightfocusonsomethingmorecloselyrelatedtoyourca
chestudy,
(/usr/share/texlive/texmf-dist/tex/latex/amsfonts/umsa.fd)
(/usr/share/texlive/texmf-dist/tex/latex/amsfonts/umsb.fd)
(/usr/share/texlive/texmf-dist/tex/latex/psnfss/ts1ptm.fd) [1{/var/lib/texmf/fo
nts/map/pdftex/updmap/pdftex.map}]

** Conference Paper **
Before submitting the final camera ready copy, remember to:

 1. Manually equalize the lengths of two columns on the last page
 of your paper;

 2. Ensure that any PostScript and/or PDF output post-processing
 uses only Type 1 fonts and that every step in the generation
 process uses the appropriate paper size.

[2] (./generated.aux) )
(see the transcript file for additional information){/usr/share/texlive/texmf-d
ist/fonts/enc/dvips/base/8r.enc}</usr/share/texlive/texmf-dist/fonts/type1/urw/
times/utmb8a.pfb></usr/share/texlive/texmf-dist/fonts/type1/urw/times/utmbi8a.p
fb></usr/share/texlive/texmf-dist/fonts/type1/urw/times/utmr8a.pfb>
Output written on generated.pdf (2 pages, 49685 bytes).
Transcript written on generated.log.

2026-03-18 17:07:02  DEBUG     compiler.latex_compiler   pdflatex pass 2 stdout (last 1500 chars):
atex/epstopdf-pkg/epstopdf-base.sty
(/usr/share/texlive/texmf-dist/tex/latex/latexconfig/epstopdf-sys.cfg))
(/usr/share/texlive/texmf-dist/tex/latex/hyperref/nameref.sty
(/usr/share/texlive/texmf-dist/tex/latex/refcount/refcount.sty)
(/usr/share/texlive/texmf-dist/tex/generic/gettitlestring/gettitlestring.sty))
(./generated.out) (./generated.out)
Overfull \hbox (68.4269pt too wide) in paragraph at lines 34--35
[]\OT1/ptm/m/n/10 Hereiswhereyoumightfocusonsomethingmorecloselyrelatedtoyourca
chestudy,
(/usr/share/texlive/texmf-dist/tex/latex/amsfonts/umsa.fd)
(/usr/share/texlive/texmf-dist/tex/latex/amsfonts/umsb.fd)
(/usr/share/texlive/texmf-dist/tex/latex/psnfss/ts1ptm.fd) [1{/var/lib/texmf/fo
nts/map/pdftex/updmap/pdftex.map}]

** Conference Paper **
Before submitting the final camera ready copy, remember to:

 1. Manually equalize the lengths of two columns on the last page
 of your paper;

 2. Ensure that any PostScript and/or PDF output post-processing
 uses only Type 1 fonts and that every step in the generation
 process uses the appropriate paper size.

[2] (./generated.aux) )
(see the transcript file for additional information){/usr/share/texlive/texmf-d
ist/fonts/enc/dvips/base/8r.enc}</usr/share/texlive/texmf-dist/fonts/type1/urw/
times/utmb8a.pfb></usr/share/texlive/texmf-dist/fonts/type1/urw/times/utmbi8a.p
fb></usr/share/texlive/texmf-dist/fonts/type1/urw/times/utmr8a.pfb>
Output written on generated.pdf (2 pages, 49685 bytes).
Transcript written on generated.log.

2026-03-18 17:07:02  INFO      compiler.latex_compiler   PDF written to /sessions/sweet-wonderful-gates/mnt/formatter/output/generated.pdf
2026-03-18 17:07:02  INFO      pipeline                  RUN END — /sessions/sweet-wonderful-gates/mnt/formatter/output/generated.pdf  (14.6s)
2026-03-18 17:07:02  INFO      pipeline                  
2026-03-18 17:07:35  INFO      pipeline                  ======================================================================
2026-03-18 17:07:35  INFO      pipeline                  RUN START
2026-03-18 17:07:35  INFO      pipeline                    input    = your_paper.pdf
2026-03-18 17:07:35  INFO      pipeline                    template = ieee
2026-03-18 17:07:35  INFO      pipeline                    parser   = heuristic
2026-03-18 17:07:35  INFO      pipeline                  ======================================================================
2026-03-18 17:07:35  INFO      pipeline                  [1/5] Extractor — PDF/DOCX → text + tables + images
2026-03-18 17:07:35  WARNING   extractor.pdf_extractor   pymupdf not installed — falling back to plain text extraction
2026-03-18 17:07:36  INFO      extractor.pdf_extractor   Fallback extraction: 103 line-blocks from 5 pages
2026-03-18 17:07:36  INFO      extractor.pdf_extractor   PDF extraction: 103 blocks, 6701 chars, 1 tables
2026-03-18 17:07:36  INFO      pipeline                    extracted: 6701 chars | 1 tables | 0 images
2026-03-18 17:07:36  INFO      pipeline                  [2/5] Parser — raw text → structured Document
2026-03-18 17:07:36  INFO      parser.heuristic          Attached 1 table(s) to sections
2026-03-18 17:07:36  INFO      parser.heuristic          Extracted 5 references
2026-03-18 17:07:36  INFO      parser.heuristic          parse: title='An Example Conference Paper'  authors=1  sections=6  refs=5
2026-03-18 17:07:36  INFO      pipeline                    doc: title='An Example Conference Paper'  authors=1  sections=6  tables=1  refs=5
2026-03-18 17:07:36  INFO      pipeline                  [3/5] Normalizer — fix ligatures, unicode, math
2026-03-18 17:07:36  INFO      pipeline                  [4/5] Renderer — Document → LaTeX [ieee]
2026-03-18 17:07:36  INFO      pipeline                  [5/5] Compiler — .tex → PDF
2026-03-18 17:07:42  DEBUG     compiler.latex_compiler   pdflatex pass 1 stdout (last 1500 chars):
atex/epstopdf-pkg/epstopdf-base.sty
(/usr/share/texlive/texmf-dist/tex/latex/latexconfig/epstopdf-sys.cfg))
(/usr/share/texlive/texmf-dist/tex/latex/hyperref/nameref.sty
(/usr/share/texlive/texmf-dist/tex/latex/refcount/refcount.sty)
(/usr/share/texlive/texmf-dist/tex/generic/gettitlestring/gettitlestring.sty))
(./generated.out) (./generated.out)
Overfull \hbox (68.4269pt too wide) in paragraph at lines 34--35
[]\OT1/ptm/m/n/10 Hereiswhereyoumightfocusonsomethingmorecloselyrelatedtoyourca
chestudy,
(/usr/share/texlive/texmf-dist/tex/latex/amsfonts/umsa.fd)
(/usr/share/texlive/texmf-dist/tex/latex/amsfonts/umsb.fd)
(/usr/share/texlive/texmf-dist/tex/latex/psnfss/ts1ptm.fd) [1{/var/lib/texmf/fo
nts/map/pdftex/updmap/pdftex.map}]

** Conference Paper **
Before submitting the final camera ready copy, remember to:

 1. Manually equalize the lengths of two columns on the last page
 of your paper;

 2. Ensure that any PostScript and/or PDF output post-processing
 uses only Type 1 fonts and that every step in the generation
 process uses the appropriate paper size.

[2] (./generated.aux) )
(see the transcript file for additional information){/usr/share/texlive/texmf-d
ist/fonts/enc/dvips/base/8r.enc}</usr/share/texlive/texmf-dist/fonts/type1/urw/
times/utmb8a.pfb></usr/share/texlive/texmf-dist/fonts/type1/urw/times/utmbi8a.p
fb></usr/share/texlive/texmf-dist/fonts/type1/urw/times/utmr8a.pfb>
Output written on generated.pdf (2 pages, 49646 bytes).
Transcript written on generated.log.

2026-03-18 17:07:49  DEBUG     compiler.latex_compiler   pdflatex pass 2 stdout (last 1500 chars):
atex/epstopdf-pkg/epstopdf-base.sty
(/usr/share/texlive/texmf-dist/tex/latex/latexconfig/epstopdf-sys.cfg))
(/usr/share/texlive/texmf-dist/tex/latex/hyperref/nameref.sty
(/usr/share/texlive/texmf-dist/tex/latex/refcount/refcount.sty)
(/usr/share/texlive/texmf-dist/tex/generic/gettitlestring/gettitlestring.sty))
(./generated.out) (./generated.out)
Overfull \hbox (68.4269pt too wide) in paragraph at lines 34--35
[]\OT1/ptm/m/n/10 Hereiswhereyoumightfocusonsomethingmorecloselyrelatedtoyourca
chestudy,
(/usr/share/texlive/texmf-dist/tex/latex/amsfonts/umsa.fd)
(/usr/share/texlive/texmf-dist/tex/latex/amsfonts/umsb.fd)
(/usr/share/texlive/texmf-dist/tex/latex/psnfss/ts1ptm.fd) [1{/var/lib/texmf/fo
nts/map/pdftex/updmap/pdftex.map}]

** Conference Paper **
Before submitting the final camera ready copy, remember to:

 1. Manually equalize the lengths of two columns on the last page
 of your paper;

 2. Ensure that any PostScript and/or PDF output post-processing
 uses only Type 1 fonts and that every step in the generation
 process uses the appropriate paper size.

[2] (./generated.aux) )
(see the transcript file for additional information){/usr/share/texlive/texmf-d
ist/fonts/enc/dvips/base/8r.enc}</usr/share/texlive/texmf-dist/fonts/type1/urw/
times/utmb8a.pfb></usr/share/texlive/texmf-dist/fonts/type1/urw/times/utmbi8a.p
fb></usr/share/texlive/texmf-dist/fonts/type1/urw/times/utmr8a.pfb>
Output written on generated.pdf (2 pages, 49646 bytes).
Transcript written on generated.log.

2026-03-18 17:07:49  INFO      compiler.latex_compiler   PDF written to /sessions/sweet-wonderful-gates/mnt/formatter/output/generated.pdf
2026-03-18 17:07:49  INFO      pipeline                  RUN END — /sessions/sweet-wonderful-gates/mnt/formatter/output/generated.pdf  (13.5s)
2026-03-18 17:07:49  INFO      pipeline                  
2026-03-18 17:09:41  INFO      pipeline                  ======================================================================
2026-03-18 17:09:41  INFO      pipeline                  RUN START
2026-03-18 17:09:41  INFO      pipeline                    input    = your_paper.pdf
2026-03-18 17:09:41  INFO      pipeline                    template = ieee
2026-03-18 17:09:41  INFO      pipeline                    parser   = heuristic
2026-03-18 17:09:41  INFO      pipeline                  ======================================================================
2026-03-18 17:09:41  INFO      pipeline                  [1/5] Extractor — PDF/DOCX → text + tables + images
2026-03-18 17:09:42  INFO      extractor.pdf_extractor   PDF extraction: 91 blocks, 6761 chars, 1 tables
2026-03-18 17:09:42  INFO      pipeline                    extracted: 6761 chars | 1 tables | 0 images
2026-03-18 17:09:42  INFO      pipeline                  [2/5] Parser — raw text → structured Document
2026-03-18 17:09:42  INFO      parser.heuristic          Attached 1 table(s) to sections
2026-03-18 17:09:42  INFO      parser.heuristic          Extracted 5 references
2026-03-18 17:09:42  INFO      parser.heuristic          parse: title='An Example Conference Paper'  authors=1  sections=6  refs=5
2026-03-18 17:09:42  INFO      pipeline                    doc: title='An Example Conference Paper'  authors=1  sections=6  tables=1  refs=5
2026-03-18 17:09:42  INFO      pipeline                  [3/5] Normalizer — fix ligatures, unicode, math
2026-03-18 17:09:42  INFO      pipeline                  [4/5] Renderer — Document → LaTeX [ieee]
2026-03-18 17:09:42  INFO      pipeline                  [5/5] Compiler — .tex → PDF
2026-03-18 17:09:42  DEBUG     compiler.latex_compiler   pdflatex pass 1 stdout (last 1500 chars):
pps\latex\current\texmfs\install\tex/context/base/mkii\s
upp-pdf.mkii
[Loading MPS to PDF converter (version 2006.09.02).]
)
(C:\Users\janme\scoop\apps\latex\current\texmfs\install\tex/latex/epstopdf-pkg\
epstopdf-base.sty
(C:\Users\janme\scoop\apps\latex\current\texmfs\install\tex/latex/00miktex\epst
opdf-sys.cfg)) (generated.out) (generated.out)
(C:\Users\janme\scoop\apps\latex\current\texmfs\install\tex/latex/amsfonts\umsa
.fd)
(C:\Users\janme\scoop\apps\latex\current\texmfs\install\tex/latex/amsfonts\umsb
.fd)
(C:\Users\janme\scoop\apps\latex\current\texmfs\install\tex/latex/psnfss\ts1ptm
.fd) [1{C:/Users/janme/scoop/apps/latex/current/texmfs/data/fonts/map/pdftex/pd
ftex.map}{C:/Users/janme/scoop/apps/latex/current/texmfs/install/fonts/enc/dvip
s/base/8r.enc}]

** Conference Paper **
Before submitting the final camera ready copy, remember to:

 1. Manually equalize the lengths of two columns on the last page
 of your paper;

 2. Ensure that any PostScript and/or PDF output post-processing
 uses only Type 1 fonts and that every step in the generation
 process uses the appropriate paper size.

[2] (generated.aux) )<C:/Users/janme/scoop/apps/latex/current/texmfs/install/fo
nts/type1/urw/times/utmb8a.pfb><C:/Users/janme/scoop/apps/latex/current/texmfs/
install/fonts/type1/urw/times/utmbi8a.pfb><C:/Users/janme/scoop/apps/latex/curr
ent/texmfs/install/fonts/type1/urw/times/utmr8a.pfb>
Output written on generated.pdf (2 pages, 55762 bytes).
Transcript written on generated.log.

2026-03-18 17:09:43  DEBUG     compiler.latex_compiler   pdflatex pass 2 stdout (last 1500 chars):
pps\latex\current\texmfs\install\tex/context/base/mkii\s
upp-pdf.mkii
[Loading MPS to PDF converter (version 2006.09.02).]
)
(C:\Users\janme\scoop\apps\latex\current\texmfs\install\tex/latex/epstopdf-pkg\
epstopdf-base.sty
(C:\Users\janme\scoop\apps\latex\current\texmfs\install\tex/latex/00miktex\epst
opdf-sys.cfg)) (generated.out) (generated.out)
(C:\Users\janme\scoop\apps\latex\current\texmfs\install\tex/latex/amsfonts\umsa
.fd)
(C:\Users\janme\scoop\apps\latex\current\texmfs\install\tex/latex/amsfonts\umsb
.fd)
(C:\Users\janme\scoop\apps\latex\current\texmfs\install\tex/latex/psnfss\ts1ptm
.fd) [1{C:/Users/janme/scoop/apps/latex/current/texmfs/data/fonts/map/pdftex/pd
ftex.map}{C:/Users/janme/scoop/apps/latex/current/texmfs/install/fonts/enc/dvip
s/base/8r.enc}]

** Conference Paper **
Before submitting the final camera ready copy, remember to:

 1. Manually equalize the lengths of two columns on the last page
 of your paper;

 2. Ensure that any PostScript and/or PDF output post-processing
 uses only Type 1 fonts and that every step in the generation
 process uses the appropriate paper size.

[2] (generated.aux) )<C:/Users/janme/scoop/apps/latex/current/texmfs/install/fo
nts/type1/urw/times/utmb8a.pfb><C:/Users/janme/scoop/apps/latex/current/texmfs/
install/fonts/type1/urw/times/utmbi8a.pfb><C:/Users/janme/scoop/apps/latex/curr
ent/texmfs/install/fonts/type1/urw/times/utmr8a.pfb>
Output written on generated.pdf (2 pages, 55762 bytes).
Transcript written on generated.log.

2026-03-18 17:09:43  INFO      compiler.latex_compiler   PDF written to C:\Users\janme\Desktop\minor\formatter\output\generated.pdf
2026-03-18 17:09:43  INFO      pipeline                  RUN END — C:\Users\janme\Desktop\minor\formatter\output\generated.pdf  (1.6s)
2026-03-18 17:09:43  INFO      pipeline                  
2026-03-18 17:10:51  INFO      pipeline                  ======================================================================
2026-03-18 17:10:51  INFO      pipeline                  RUN START
2026-03-18 17:10:51  INFO      pipeline                    input    = your_paper.pdf
2026-03-18 17:10:51  INFO      pipeline                    template = springer
2026-03-18 17:10:51  INFO      pipeline                    parser   = heuristic
2026-03-18 17:10:51  INFO      pipeline                  ======================================================================
2026-03-18 17:10:51  INFO      pipeline                  [1/5] Extractor — PDF/DOCX → text + tables + images
2026-03-18 17:10:52  INFO      extractor.pdf_extractor   PDF extraction: 91 blocks, 6761 chars, 1 tables
2026-03-18 17:10:52  INFO      pipeline                    extracted: 6761 chars | 1 tables | 0 images
2026-03-18 17:10:52  INFO      pipeline                  [2/5] Parser — raw text → structured Document
2026-03-18 17:10:52  INFO      parser.heuristic          Attached 1 table(s) to sections
2026-03-18 17:10:52  INFO      parser.heuristic          Extracted 5 references
2026-03-18 17:10:52  INFO      parser.heuristic          parse: title='An Example Conference Paper'  authors=1  sections=6  refs=5
2026-03-18 17:10:52  INFO      pipeline                    doc: title='An Example Conference Paper'  authors=1  sections=6  tables=1  refs=5
2026-03-18 17:10:52  INFO      pipeline                  [3/5] Normalizer — fix ligatures, unicode, math
2026-03-18 17:10:52  INFO      pipeline                  [4/5] Renderer — Document → LaTeX [springer]
2026-03-18 17:10:52  INFO      pipeline                  [5/5] Compiler — .tex → PDF
2026-03-18 17:11:03  DEBUG     compiler.latex_compiler   pdflatex pass 1 stdout (last 1500 chars):
stall\tex/latex/l3backend\l3b
ackend-pdftex.def) (generated.aux)
(C:\Users\janme\scoop\apps\latex\current\texmfs\install\tex/context/base/mkii\s
upp-pdf.mkii
[Loading MPS to PDF converter (version 2006.09.02).]
)
(C:\Users\janme\scoop\apps\latex\current\texmfs\install\tex/latex/epstopdf-pkg\
epstopdf-base.sty
(C:\Users\janme\scoop\apps\latex\current\texmfs\install\tex/latex/00miktex\epst
opdf-sys.cfg)) (generated.out) (generated.out)
(C:\Users\janme\scoop\apps\latex\current\texmfs\install\tex/latex/amsfonts\umsa
.fd)
(C:\Users\janme\scoop\apps\latex\current\texmfs\install\tex/latex/amsfonts\umsb
.fd) [1{C:/Users/janme/scoop/apps/latex/current/texmfs/data/fonts/map/pdftex/pd
ftex.map}] [2] [3] [4] (generated.aux)

Package rerunfilecheck Warning: File `generated.out' has changed.
(rerunfilecheck)                Rerun to get outlines right
(rerunfilecheck)                or use package `bookmark'.

 ) <C:\Users\janme\scoop\apps\latex\current\texmfs/data\fonts/pk/ljfour/jknappe
n/ec/dpi600\tcrm1000.pk><C:/Users/janme/scoop/apps/latex/current/texmfs/install
/fonts/type1/public/amsfonts/cm/cmbx12.pfb><C:/Users/janme/scoop/apps/latex/cur
rent/texmfs/install/fonts/type1/public/amsfonts/cm/cmbx9.pfb><C:/Users/janme/sc
oop/apps/latex/current/texmfs/install/fonts/type1/public/amsfonts/cm/cmr10.pfb>
<C:/Users/janme/scoop/apps/latex/current/texmfs/install/fonts/type1/public/amsf
onts/cm/cmr9.pfb>
Output written on generated.pdf (4 pages, 90601 bytes).
Transcript written on generated.log.

2026-03-18 17:11:04  DEBUG     compiler.latex_compiler   pdflatex pass 2 stdout (last 1500 chars):
erunfilechec
k\rerunfilecheck.sty
(C:\Users\janme\scoop\apps\latex\current\texmfs\install\tex/generic/uniquecount
er\uniquecounter.sty)))
(C:\Users\janme\scoop\apps\latex\current\texmfs\install\tex/latex/l3backend\l3b
ackend-pdftex.def) (generated.aux)
(C:\Users\janme\scoop\apps\latex\current\texmfs\install\tex/context/base/mkii\s
upp-pdf.mkii
[Loading MPS to PDF converter (version 2006.09.02).]
)
(C:\Users\janme\scoop\apps\latex\current\texmfs\install\tex/latex/epstopdf-pkg\
epstopdf-base.sty
(C:\Users\janme\scoop\apps\latex\current\texmfs\install\tex/latex/00miktex\epst
opdf-sys.cfg)) (generated.out) (generated.out)
(C:\Users\janme\scoop\apps\latex\current\texmfs\install\tex/latex/amsfonts\umsa
.fd)
(C:\Users\janme\scoop\apps\latex\current\texmfs\install\tex/latex/amsfonts\umsb
.fd) [1{C:/Users/janme/scoop/apps/latex/current/texmfs/data/fonts/map/pdftex/pd
ftex.map}] [2] [3] [4] (generated.aux) ) <C:\Users\janme\scoop\apps\latex\curre
nt\texmfs/data\fonts/pk/ljfour/jknappen/ec/dpi600\tcrm1000.pk><C:/Users/janme/s
coop/apps/latex/current/texmfs/install/fonts/type1/public/amsfonts/cm/cmbx12.pf
b><C:/Users/janme/scoop/apps/latex/current/texmfs/install/fonts/type1/public/am
sfonts/cm/cmbx9.pfb><C:/Users/janme/scoop/apps/latex/current/texmfs/install/fon
ts/type1/public/amsfonts/cm/cmr10.pfb><C:/Users/janme/scoop/apps/latex/current/
texmfs/install/fonts/type1/public/amsfonts/cm/cmr9.pfb>
Output written on generated.pdf (4 pages, 88783 bytes).
Transcript written on generated.log.

2026-03-18 17:11:04  INFO      compiler.latex_compiler   PDF written to C:\Users\janme\Desktop\minor\formatter\output\generated.pdf
2026-03-18 17:11:04  INFO      pipeline                  RUN END — C:\Users\janme\Desktop\minor\formatter\output\generated.pdf  (12.6s)
2026-03-18 17:11:04  INFO      pipeline                  
2026-03-18 17:18:44  INFO      pipeline                  ======================================================================
2026-03-18 17:18:44  INFO      pipeline                  RUN START
2026-03-18 17:18:44  INFO      pipeline                    input    = your_paper.pdf
2026-03-18 17:18:44  INFO      pipeline                    template = springer
2026-03-18 17:18:44  INFO      pipeline                    parser   = heuristic
2026-03-18 17:18:44  INFO      pipeline                  ======================================================================
2026-03-18 17:18:44  INFO      pipeline                  [1/5] Extractor — PDF/DOCX → text + tables + images
2026-03-18 17:18:44  INFO      extractor.pdf_extractor   PDF extraction: 91 blocks, 6761 chars, 1 tables
2026-03-18 17:18:44  INFO      pipeline                    extracted: 6761 chars | 1 tables | 0 images
2026-03-18 17:18:44  INFO      pipeline                  [2/5] Parser — raw text → structured Document
2026-03-18 17:18:44  INFO      parser.heuristic          Attached 1 table(s) to sections
2026-03-18 17:18:44  INFO      parser.heuristic          Extracted 5 references
2026-03-18 17:18:44  INFO      parser.heuristic          parse: title='An Example Conference Paper'  authors=1  sections=6  refs=5
2026-03-18 17:18:44  INFO      pipeline                    doc: title='An Example Conference Paper'  authors=1  sections=6  tables=1  refs=5
2026-03-18 17:18:44  INFO      pipeline                  [3/5] Normalizer — fix ligatures, unicode, math
2026-03-18 17:18:44  INFO      pipeline                  [4/5] Renderer — Document → LaTeX [springer]
2026-03-18 17:18:44  INFO      pipeline                  [5/5] Compiler — .tex → PDF
2026-03-18 17:18:45  DEBUG     compiler.latex_compiler   pdflatex pass 1 stdout (last 1500 chars):
ric/uniquecount
er\uniquecounter.sty)))
(C:\Users\janme\scoop\apps\latex\current\texmfs\install\tex/latex/l3backend\l3b
ackend-pdftex.def) (generated.aux)
(C:\Users\janme\scoop\apps\latex\current\texmfs\install\tex/context/base/mkii\s
upp-pdf.mkii
[Loading MPS to PDF converter (version 2006.09.02).]
)
(C:\Users\janme\scoop\apps\latex\current\texmfs\install\tex/latex/epstopdf-pkg\
epstopdf-base.sty
(C:\Users\janme\scoop\apps\latex\current\texmfs\install\tex/latex/00miktex\epst
opdf-sys.cfg)) (generated.out) (generated.out)
(C:\Users\janme\scoop\apps\latex\current\texmfs\install\tex/latex/amsfonts\umsa
.fd)
(C:\Users\janme\scoop\apps\latex\current\texmfs\install\tex/latex/amsfonts\umsb
.fd) [1{C:/Users/janme/scoop/apps/latex/current/texmfs/data/fonts/map/pdftex/pd
ftex.map}] [2] [3] [4] (generated.aux) ) <C:\Users\janme\scoop\apps\latex\curre
nt\texmfs/data\fonts/pk/ljfour/jknappen/ec/dpi600\tcrm1000.pk><C:/Users/janme/s
coop/apps/latex/current/texmfs/install/fonts/type1/public/amsfonts/cm/cmbx12.pf
b><C:/Users/janme/scoop/apps/latex/current/texmfs/install/fonts/type1/public/am
sfonts/cm/cmbx9.pfb><C:/Users/janme/scoop/apps/latex/current/texmfs/install/fon
ts/type1/public/amsfonts/cm/cmr10.pfb><C:/Users/janme/scoop/apps/latex/current/
texmfs/install/fonts/type1/public/amsfonts/cm/cmr9.pfb><C:/Users/janme/scoop/ap
ps/latex/current/texmfs/install/fonts/type1/public/amsfonts/cm/cmtt9.pfb>
Output written on generated.pdf (4 pages, 99150 bytes).
Transcript written on generated.log.

2026-03-18 17:18:45  DEBUG     compiler.latex_compiler   pdflatex pass 2 stdout (last 1500 chars):
ric/uniquecount
er\uniquecounter.sty)))
(C:\Users\janme\scoop\apps\latex\current\texmfs\install\tex/latex/l3backend\l3b
ackend-pdftex.def) (generated.aux)
(C:\Users\janme\scoop\apps\latex\current\texmfs\install\tex/context/base/mkii\s
upp-pdf.mkii
[Loading MPS to PDF converter (version 2006.09.02).]
)
(C:\Users\janme\scoop\apps\latex\current\texmfs\install\tex/latex/epstopdf-pkg\
epstopdf-base.sty
(C:\Users\janme\scoop\apps\latex\current\texmfs\install\tex/latex/00miktex\epst
opdf-sys.cfg)) (generated.out) (generated.out)
(C:\Users\janme\scoop\apps\latex\current\texmfs\install\tex/latex/amsfonts\umsa
.fd)
(C:\Users\janme\scoop\apps\latex\current\texmfs\install\tex/latex/amsfonts\umsb
.fd) [1{C:/Users/janme/scoop/apps/latex/current/texmfs/data/fonts/map/pdftex/pd
ftex.map}] [2] [3] [4] (generated.aux) ) <C:\Users\janme\scoop\apps\latex\curre
nt\texmfs/data\fonts/pk/ljfour/jknappen/ec/dpi600\tcrm1000.pk><C:/Users/janme/s
coop/apps/latex/current/texmfs/install/fonts/type1/public/amsfonts/cm/cmbx12.pf
b><C:/Users/janme/scoop/apps/latex/current/texmfs/install/fonts/type1/public/am
sfonts/cm/cmbx9.pfb><C:/Users/janme/scoop/apps/latex/current/texmfs/install/fon
ts/type1/public/amsfonts/cm/cmr10.pfb><C:/Users/janme/scoop/apps/latex/current/
texmfs/install/fonts/type1/public/amsfonts/cm/cmr9.pfb><C:/Users/janme/scoop/ap
ps/latex/current/texmfs/install/fonts/type1/public/amsfonts/cm/cmtt9.pfb>
Output written on generated.pdf (4 pages, 99150 bytes).
Transcript written on generated.log.

2026-03-18 17:18:45  INFO      compiler.latex_compiler   PDF written to C:\Users\janme\Desktop\minor\formatter\output\generated.pdf
2026-03-18 17:18:45  INFO      pipeline                  RUN END — C:\Users\janme\Desktop\minor\formatter\output\generated.pdf  (1.4s)
2026-03-18 17:18:45  INFO      pipeline                  
2026-03-18 17:24:45  INFO      pipeline                  ======================================================================
2026-03-18 17:24:45  INFO      pipeline                  RUN START
2026-03-18 17:24:45  INFO      pipeline                    input    = your_paper.pdf
2026-03-18 17:24:45  INFO      pipeline                    template = ieee
2026-03-18 17:24:45  INFO      pipeline                    parser   = heuristic
2026-03-18 17:24:45  INFO      pipeline                  ======================================================================
2026-03-18 17:24:45  INFO      pipeline                  [1/5] Extractor — PDF/DOCX → text + tables + images
2026-03-18 17:24:46  INFO      extractor.pdf_extractor   PDF extraction: 65 blocks, 11782 chars, 1 tables
2026-03-18 17:24:46  INFO      pipeline                    extracted: 11782 chars | 1 tables | 0 images
2026-03-18 17:24:46  INFO      pipeline                  [2/5] Parser — raw text → structured Document
2026-03-18 17:24:46  INFO      parser.heuristic          Attached 1 table(s) to sections
2026-03-18 17:24:46  INFO      parser.heuristic          parse: title='THE FORMULAS'  authors=1  sections=12  refs=0
2026-03-18 17:24:46  INFO      pipeline                    doc: title='THE FORMULAS'  authors=1  sections=12  tables=1  refs=0
2026-03-18 17:24:46  INFO      pipeline                  [3/5] Normalizer — fix ligatures, unicode, math
2026-03-18 17:24:46  INFO      pipeline                  [4/5] Renderer — Document → LaTeX [ieee]
2026-03-18 17:24:46  INFO      pipeline                  [5/5] Compiler — .tex → PDF
2026-03-18 17:24:46  DEBUG     compiler.latex_compiler   pdflatex pass 1 stdout (last 1500 chars):
scoop\apps\latex\current\texmfs\install\tex/latex/l3backend\l3b
ackend-pdftex.def) (generated.aux)
-- Lines per column: 56 (exact).

(C:\Users\janme\scoop\apps\latex\current\texmfs\install\tex/context/base/mkii\s
upp-pdf.mkii
[Loading MPS to PDF converter (version 2006.09.02).]
)
(C:\Users\janme\scoop\apps\latex\current\texmfs\install\tex/latex/epstopdf-pkg\
epstopdf-base.sty
(C:\Users\janme\scoop\apps\latex\current\texmfs\install\tex/latex/00miktex\epst
opdf-sys.cfg)) (generated.out) (generated.out)
Overfull \hbox (3434.59933pt too wide) in paragraph at lines 23--23
 [] 

Overfull \hbox (3434.59933pt too wide) in paragraph at lines 23--23
 [] 

Overfull \hbox (3434.59933pt too wide) in paragraph at lines 23--23
 [] 

(C:\Users\janme\scoop\apps\latex\current\texmfs\install\tex/latex/amsfonts\umsa
.fd)
(C:\Users\janme\scoop\apps\latex\current\texmfs\install\tex/latex/amsfonts\umsb
.fd)
Underfull \hbox (badness 1383) in paragraph at lines 52--53
[]\OT1/ptm/m/n/10 Mathematical for-mu-las con-tain math-e-mat-i-cal con-stants,


! LaTeX Error: Unicode character âˆ’ (U+2212)
               not set up for use with LaTeX.

See the LaTeX manual or LaTeX Companion for explanation.
Type  H <return>  for immediate help.
 ...                                              
                                                  
l.67 5 & i2 = âˆ’
                 1 & Complex numbers & L. Euler, 1750 \\
!  ==> Fatal error occurred, no output PDF file produced!
Transcript written on generated.log.

2026-03-18 17:24:46  ERROR     compiler.latex_compiler   pdflatex errors:
! LaTeX Error: Unicode character âˆ’ (U+2212)
!  ==> Fatal error occurred, no output PDF file produced!
2026-03-18 17:25:09  INFO      pipeline                  ======================================================================
2026-03-18 17:25:09  INFO      pipeline                  RUN START
2026-03-18 17:25:09  INFO      pipeline                    input    = your_paper.pdf
2026-03-18 17:25:09  INFO      pipeline                    template = ieee
2026-03-18 17:25:09  INFO      pipeline                    parser   = heuristic
2026-03-18 17:25:09  INFO      pipeline                  ======================================================================
2026-03-18 17:25:09  INFO      pipeline                  [1/5] Extractor — PDF/DOCX → text + tables + images
2026-03-18 17:25:09  WARNING   extractor.pdf_extractor   pymupdf not installed — falling back to plain text extraction
2026-03-18 17:25:09  INFO      extractor.pdf_extractor   Fallback extraction: 169 line-blocks from 5 pages
2026-03-18 17:25:10  INFO      extractor.pdf_extractor   PDF extraction: 169 blocks, 11820 chars, 1 tables
2026-03-18 17:25:10  INFO      pipeline                    extracted: 11820 chars | 1 tables | 0 images
2026-03-18 17:25:10  INFO      pipeline                  [2/5] Parser — raw text → structured Document
2026-03-18 17:25:10  INFO      parser.heuristic          Extracted 8 references
2026-03-18 17:25:10  INFO      parser.heuristic          parse: title='Volume XXIV, 46 – No. 1, 2022, DOI: 10.3'  authors=3  sections=1  refs=8
2026-03-18 17:25:10  INFO      pipeline                    doc: title='Volume XXIV, 46 – No. 1, 2022, DOI: 10.35116/aa.20'  authors=3  sections=1  tables=0  refs=8
2026-03-18 17:25:10  INFO      pipeline                  [3/5] Normalizer — fix ligatures, unicode, math
2026-03-18 17:25:10  INFO      pipeline                  [4/5] Renderer — Document → LaTeX [ieee]
2026-03-18 17:25:10  INFO      pipeline                  [5/5] Compiler — .tex → PDF
2026-03-18 17:25:17  DEBUG     compiler.latex_compiler   pdflatex pass 1 stdout (last 1500 chars):
lc/intcalc.sty)
(/usr/share/texlive/texmf-dist/tex/generic/etexcmds/etexcmds.sty)
(/usr/share/texlive/texmf-dist/tex/latex/hyperref/puenc.def)
(/usr/share/texlive/texmf-dist/tex/latex/url/url.sty)
(/usr/share/texlive/texmf-dist/tex/generic/bitset/bitset.sty
(/usr/share/texlive/texmf-dist/tex/generic/bigintcalc/bigintcalc.sty))
(/usr/share/texlive/texmf-dist/tex/latex/base/atbegshi-ltx.sty))
(/usr/share/texlive/texmf-dist/tex/latex/hyperref/hpdftex.def
(/usr/share/texlive/texmf-dist/tex/latex/base/atveryend-ltx.sty)
(/usr/share/texlive/texmf-dist/tex/latex/rerunfilecheck/rerunfilecheck.sty
(/usr/share/texlive/texmf-dist/tex/generic/uniquecounter/uniquecounter.sty)))
(/usr/share/texlive/texmf-dist/tex/latex/l3backend/l3backend-pdftex.def)
(./generated.aux)
-- Lines per column: 56 (exact).
(/usr/share/texlive/texmf-dist/tex/context/base/mkii/supp-pdf.mkii
[Loading MPS to PDF converter (version 2006.09.02).]
) (/usr/share/texlive/texmf-dist/tex/latex/epstopdf-pkg/epstopdf-base.sty
(/usr/share/texlive/texmf-dist/tex/latex/latexconfig/epstopdf-sys.cfg))
(/usr/share/texlive/texmf-dist/tex/latex/hyperref/nameref.sty
(/usr/share/texlive/texmf-dist/tex/latex/refcount/refcount.sty)
(/usr/share/texlive/texmf-dist/tex/generic/gettitlestring/gettitlestring.sty))
(./generated.out) (./generated.out)
! Illegal unit of measure (pt inserted).
<to be read again> 
                   \relax 
l.33 
     
!  ==> Fatal error occurred, no output PDF file produced!
Transcript written on generated.log.

2026-03-18 17:25:17  ERROR     compiler.latex_compiler   pdflatex errors:
! Illegal unit of measure (pt inserted).
!  ==> Fatal error occurred, no output PDF file produced!
2026-03-18 17:26:59  INFO      pipeline                  ======================================================================
2026-03-18 17:26:59  INFO      pipeline                  RUN START
2026-03-18 17:26:59  INFO      pipeline                    input    = your_paper.pdf
2026-03-18 17:26:59  INFO      pipeline                    template = ieee
2026-03-18 17:26:59  INFO      pipeline                    parser   = heuristic
2026-03-18 17:26:59  INFO      pipeline                  ======================================================================
2026-03-18 17:26:59  INFO      pipeline                  [1/5] Extractor — PDF/DOCX → text + tables + images
2026-03-18 17:26:59  WARNING   extractor.pdf_extractor   pymupdf not installed — falling back to plain text extraction
2026-03-18 17:26:59  INFO      extractor.pdf_extractor   Fallback extraction: 169 line-blocks from 5 pages
2026-03-18 17:27:00  INFO      extractor.pdf_extractor   PDF extraction: 169 blocks, 11820 chars, 1 tables
2026-03-18 17:27:00  INFO      pipeline                    extracted: 11820 chars | 1 tables | 0 images
2026-03-18 17:27:00  INFO      pipeline                  [2/5] Parser — raw text → structured Document
2026-03-18 17:27:00  INFO      parser.heuristic          Attached 1 table(s) to sections
2026-03-18 17:27:00  INFO      parser.heuristic          Extracted 8 references
2026-03-18 17:27:00  INFO      parser.heuristic          parse: title='Volume XXIV, 46 – No. 1, 2022, DOI: 10.3'  authors=2  sections=13  refs=8
2026-03-18 17:27:00  INFO      pipeline                    doc: title='Volume XXIV, 46 – No. 1, 2022, DOI: 10.35116/aa.20'  authors=2  sections=13  tables=1  refs=8
2026-03-18 17:27:00  INFO      pipeline                  [3/5] Normalizer — fix ligatures, unicode, math
2026-03-18 17:27:00  INFO      pipeline                  [4/5] Renderer — Document → LaTeX [ieee]
2026-03-18 17:27:00  INFO      pipeline                  [5/5] Compiler — .tex → PDF
2026-03-18 17:27:04  DEBUG     compiler.latex_compiler   pdflatex pass 1 stdout (last 1500 chars):
(/usr/share/texlive/texmf-dist/tex/latex/rerunfilecheck/rerunfilecheck.sty
(/usr/share/texlive/texmf-dist/tex/generic/uniquecounter/uniquecounter.sty)))
(/usr/share/texlive/texmf-dist/tex/latex/l3backend/l3backend-pdftex.def)
(./generated.aux)
-- Lines per column: 56 (exact).
(/usr/share/texlive/texmf-dist/tex/context/base/mkii/supp-pdf.mkii
[Loading MPS to PDF converter (version 2006.09.02).]
) (/usr/share/texlive/texmf-dist/tex/latex/epstopdf-pkg/epstopdf-base.sty
(/usr/share/texlive/texmf-dist/tex/latex/latexconfig/epstopdf-sys.cfg))
(/usr/share/texlive/texmf-dist/tex/latex/hyperref/nameref.sty
(/usr/share/texlive/texmf-dist/tex/latex/refcount/refcount.sty)
(/usr/share/texlive/texmf-dist/tex/generic/gettitlestring/gettitlestring.sty))
(./generated.out) (./generated.out)
(/usr/share/texlive/texmf-dist/tex/latex/amsfonts/umsa.fd)
(/usr/share/texlive/texmf-dist/tex/latex/amsfonts/umsb.fd)
Underfull \hbox (badness 1383) in paragraph at lines 44--45
[]\OT1/ptm/m/n/10 Mathematical for-mu-las con-tain math-e-mat-i-cal con-stants,


! LaTeX Error: Unicode character − (U+2212)
               not set up for use with LaTeX.

See the LaTeX manual or LaTeX Companion for explanation.
Type  H <return>  for immediate help.
 ...                                              
                                                  
l.59 5 & i2 = −
                 1 & Complex numbers & L. Euler, 1750 \\
!  ==> Fatal error occurred, no output PDF file produced!
Transcript written on generated.log.

2026-03-18 17:27:04  ERROR     compiler.latex_compiler   pdflatex errors:
! LaTeX Error: Unicode character − (U+2212)
!  ==> Fatal error occurred, no output PDF file produced!
2026-03-18 17:27:33  INFO      pipeline                  ======================================================================
2026-03-18 17:27:33  INFO      pipeline                  RUN START
2026-03-18 17:27:33  INFO      pipeline                    input    = your_paper.pdf
2026-03-18 17:27:33  INFO      pipeline                    template = ieee
2026-03-18 17:27:33  INFO      pipeline                    parser   = heuristic
2026-03-18 17:27:33  INFO      pipeline                  ======================================================================
2026-03-18 17:27:33  INFO      pipeline                  [1/5] Extractor — PDF/DOCX → text + tables + images
2026-03-18 17:27:33  WARNING   extractor.pdf_extractor   pymupdf not installed — falling back to plain text extraction
2026-03-18 17:27:34  INFO      extractor.pdf_extractor   Fallback extraction: 169 line-blocks from 5 pages
2026-03-18 17:27:34  INFO      extractor.pdf_extractor   PDF extraction: 169 blocks, 11820 chars, 1 tables
2026-03-18 17:27:34  INFO      pipeline                    extracted: 11820 chars | 1 tables | 0 images
2026-03-18 17:27:34  INFO      pipeline                  [2/5] Parser — raw text → structured Document
2026-03-18 17:27:35  INFO      parser.heuristic          Attached 1 table(s) to sections
2026-03-18 17:27:35  INFO      parser.heuristic          Extracted 8 references
2026-03-18 17:27:35  INFO      parser.heuristic          parse: title='Volume XXIV, 46 – No. 1, 2022, DOI: 10.3'  authors=2  sections=13  refs=8
2026-03-18 17:27:35  INFO      pipeline                    doc: title='Volume XXIV, 46 – No. 1, 2022, DOI: 10.35116/aa.20'  authors=2  sections=13  tables=1  refs=8
2026-03-18 17:27:35  INFO      pipeline                  [3/5] Normalizer — fix ligatures, unicode, math
2026-03-18 17:27:35  INFO      pipeline                  [4/5] Renderer — Document → LaTeX [ieee]
2026-03-18 17:27:35  INFO      pipeline                  [5/5] Compiler — .tex → PDF
2026-03-18 17:27:40  DEBUG     compiler.latex_compiler   pdflatex pass 1 stdout (last 1500 chars):
/tex/latex/l3backend/l3backend-pdftex.def)
(./generated.aux)
-- Lines per column: 56 (exact).
(/usr/share/texlive/texmf-dist/tex/context/base/mkii/supp-pdf.mkii
[Loading MPS to PDF converter (version 2006.09.02).]
) (/usr/share/texlive/texmf-dist/tex/latex/epstopdf-pkg/epstopdf-base.sty
(/usr/share/texlive/texmf-dist/tex/latex/latexconfig/epstopdf-sys.cfg))
(/usr/share/texlive/texmf-dist/tex/latex/hyperref/nameref.sty
(/usr/share/texlive/texmf-dist/tex/latex/refcount/refcount.sty)
(/usr/share/texlive/texmf-dist/tex/generic/gettitlestring/gettitlestring.sty))
(./generated.out) (./generated.out)
(/usr/share/texlive/texmf-dist/tex/latex/amsfonts/umsa.fd)
(/usr/share/texlive/texmf-dist/tex/latex/amsfonts/umsb.fd)
Underfull \hbox (badness 1383) in paragraph at lines 44--45
[]\OT1/ptm/m/n/10 Mathematical for-mu-las con-tain math-e-mat-i-cal con-stants,


Overfull \hbox (49.83818pt too wide) in paragraph at lines 51--65
 [][] 
[1{/var/lib/texmf/fonts/map/pdftex/updmap/pdftex.map}]

! LaTeX Error: Unicode character ⊕ (U+2295)
               not set up for use with LaTeX.

See the LaTeX manual or LaTeX Companion for explanation.
Type  H <return>  for immediate help.
 ...                                              
                                                  
l.73 ...imes$) are replaced by the operations (⊕
                                                  , ⊗) = (maximum, minimum...
!  ==> Fatal error occurred, no output PDF file produced!
Transcript written on generated.log.

2026-03-18 17:27:40  ERROR     compiler.latex_compiler   pdflatex errors:
! LaTeX Error: Unicode character ⊕ (U+2295)
!  ==> Fatal error occurred, no output PDF file produced!
2026-03-18 17:28:29  INFO      pipeline                  ======================================================================
2026-03-18 17:28:29  INFO      pipeline                  RUN START
2026-03-18 17:28:29  INFO      pipeline                    input    = your_paper.pdf
2026-03-18 17:28:29  INFO      pipeline                    template = ieee
2026-03-18 17:28:29  INFO      pipeline                    parser   = heuristic
2026-03-18 17:28:29  INFO      pipeline                  ======================================================================
2026-03-18 17:28:29  INFO      pipeline                  [1/5] Extractor — PDF/DOCX → text + tables + images
2026-03-18 17:28:29  WARNING   extractor.pdf_extractor   pymupdf not installed — falling back to plain text extraction
2026-03-18 17:28:30  INFO      extractor.pdf_extractor   Fallback extraction: 169 line-blocks from 5 pages
2026-03-18 17:28:30  INFO      extractor.pdf_extractor   PDF extraction: 169 blocks, 11820 chars, 1 tables
2026-03-18 17:28:30  INFO      pipeline                    extracted: 11820 chars | 1 tables | 0 images
2026-03-18 17:28:30  INFO      pipeline                  [2/5] Parser — raw text → structured Document
2026-03-18 17:28:30  INFO      parser.heuristic          Attached 1 table(s) to sections
2026-03-18 17:28:30  INFO      parser.heuristic          Extracted 8 references
2026-03-18 17:28:30  INFO      parser.heuristic          parse: title='Volume XXIV, 46 – No. 1, 2022, DOI: 10.3'  authors=2  sections=13  refs=8
2026-03-18 17:28:30  INFO      pipeline                    doc: title='Volume XXIV, 46 – No. 1, 2022, DOI: 10.35116/aa.20'  authors=2  sections=13  tables=1  refs=8
2026-03-18 17:28:30  INFO      pipeline                  [3/5] Normalizer — fix ligatures, unicode, math
2026-03-18 17:28:30  INFO      pipeline                  [4/5] Renderer — Document → LaTeX [ieee]
2026-03-18 17:28:31  INFO      pipeline                  [5/5] Compiler — .tex → PDF
2026-03-18 17:28:36  DEBUG     compiler.latex_compiler   pdflatex pass 1 stdout (last 1500 chars):
adness 1383) in paragraph at lines 46--47
[]\T1/ptm/m/n/10 Mathematical for-mu-las con-tain math-e-mat-i-cal con-stants,

Overfull \hbox (49.83818pt too wide) in paragraph at lines 53--67
 [][] 
[1{/var/lib/texmf/fonts/map/pdftex/updmap/pdftex.map}] [2]

** Conference Paper **
Before submitting the final camera ready copy, remember to:

 1. Manually equalize the lengths of two columns on the last page
 of your paper;

 2. Ensure that any PostScript and/or PDF output post-processing
 uses only Type 1 fonts and that every step in the generation
 process uses the appropriate paper size.

[3] (./generated.aux)

LaTeX Warning: Label(s) may have changed. Rerun to get cross-references right.


Package rerunfilecheck Warning: File `generated.out' has changed.
(rerunfilecheck)                Rerun to get outlines right
(rerunfilecheck)                or use package `bookmark'.

 )
(see the transcript file for additional information){/usr/share/texlive/texmf-d
ist/fonts/enc/dvips/base/8r.enc}</usr/share/texlive/texmf-dist/fonts/type1/publ
ic/amsfonts/cm/cmmi10.pfb></usr/share/texlive/texmf-dist/fonts/type1/public/ams
fonts/cm/cmsy10.pfb></usr/share/texlive/texmf-dist/fonts/type1/urw/times/utmb8a
.pfb></usr/share/texlive/texmf-dist/fonts/type1/urw/times/utmbi8a.pfb></usr/sha
re/texlive/texmf-dist/fonts/type1/urw/times/utmr8a.pfb></usr/share/texlive/texm
f-dist/fonts/type1/urw/times/utmri8a.pfb>
Output written on generated.pdf (3 pages, 84349 bytes).
Transcript written on generated.log.

2026-03-18 17:28:43  DEBUG     compiler.latex_compiler   pdflatex pass 2 stdout (last 1500 chars):
unt/refcount.sty)
(/usr/share/texlive/texmf-dist/tex/generic/gettitlestring/gettitlestring.sty))
(./generated.out) (./generated.out)
(/usr/share/texlive/texmf-dist/tex/latex/amsfonts/umsa.fd)
(/usr/share/texlive/texmf-dist/tex/latex/amsfonts/umsb.fd)
Underfull \hbox (badness 1383) in paragraph at lines 46--47
[]\T1/ptm/m/n/10 Mathematical for-mu-las con-tain math-e-mat-i-cal con-stants,

Overfull \hbox (49.83818pt too wide) in paragraph at lines 53--67
 [][] 
[1{/var/lib/texmf/fonts/map/pdftex/updmap/pdftex.map}] [2]

** Conference Paper **
Before submitting the final camera ready copy, remember to:

 1. Manually equalize the lengths of two columns on the last page
 of your paper;

 2. Ensure that any PostScript and/or PDF output post-processing
 uses only Type 1 fonts and that every step in the generation
 process uses the appropriate paper size.

[3] (./generated.aux) )
(see the transcript file for additional information){/usr/share/texlive/texmf-d
ist/fonts/enc/dvips/base/8r.enc}</usr/share/texlive/texmf-dist/fonts/type1/publ
ic/amsfonts/cm/cmmi10.pfb></usr/share/texlive/texmf-dist/fonts/type1/public/ams
fonts/cm/cmsy10.pfb></usr/share/texlive/texmf-dist/fonts/type1/urw/times/utmb8a
.pfb></usr/share/texlive/texmf-dist/fonts/type1/urw/times/utmbi8a.pfb></usr/sha
re/texlive/texmf-dist/fonts/type1/urw/times/utmr8a.pfb></usr/share/texlive/texm
f-dist/fonts/type1/urw/times/utmri8a.pfb>
Output written on generated.pdf (3 pages, 85014 bytes).
Transcript written on generated.log.

2026-03-18 17:28:43  INFO      compiler.latex_compiler   PDF written to /sessions/sweet-wonderful-gates/mnt/formatter/output/generated_ieee.pdf
2026-03-18 17:28:43  INFO      pipeline                  RUN END — /sessions/sweet-wonderful-gates/mnt/formatter/output/generated_ieee.pdf  (14.2s)
2026-03-18 17:28:43  INFO      pipeline                  
2026-03-18 17:28:55  INFO      pipeline                  ======================================================================
2026-03-18 17:28:55  INFO      pipeline                  RUN START
2026-03-18 17:28:55  INFO      pipeline                    input    = your_paper.pdf
2026-03-18 17:28:55  INFO      pipeline                    template = springer
2026-03-18 17:28:55  INFO      pipeline                    parser   = heuristic
2026-03-18 17:28:55  INFO      pipeline                  ======================================================================
2026-03-18 17:28:55  INFO      pipeline                  [1/5] Extractor — PDF/DOCX → text + tables + images
2026-03-18 17:28:55  WARNING   extractor.pdf_extractor   pymupdf not installed — falling back to plain text extraction
2026-03-18 17:28:55  INFO      extractor.pdf_extractor   Fallback extraction: 169 line-blocks from 5 pages
2026-03-18 17:28:56  INFO      extractor.pdf_extractor   PDF extraction: 169 blocks, 11820 chars, 1 tables
2026-03-18 17:28:56  INFO      pipeline                    extracted: 11820 chars | 1 tables | 0 images
2026-03-18 17:28:56  INFO      pipeline                  [2/5] Parser — raw text → structured Document
2026-03-18 17:28:56  INFO      parser.heuristic          Attached 1 table(s) to sections
2026-03-18 17:28:56  INFO      parser.heuristic          Extracted 8 references
2026-03-18 17:28:56  INFO      parser.heuristic          parse: title='Volume XXIV, 46 – No. 1, 2022, DOI: 10.3'  authors=2  sections=13  refs=8
2026-03-18 17:28:56  INFO      pipeline                    doc: title='Volume XXIV, 46 – No. 1, 2022, DOI: 10.35116/aa.20'  authors=2  sections=13  tables=1  refs=8
2026-03-18 17:28:57  INFO      pipeline                  [3/5] Normalizer — fix ligatures, unicode, math
2026-03-18 17:28:57  INFO      pipeline                  [4/5] Renderer — Document → LaTeX [springer]
2026-03-18 17:28:57  INFO      pipeline                  [5/5] Compiler — .tex → PDF
2026-03-18 17:29:10  DEBUG     compiler.latex_compiler   pdflatex pass 1 stdout (last 1500 chars):
renced but does not exist, 
replaced by a fixed one

pdfTeX warning (dest): name{section.5} has been referenced but does not exist, 
replaced by a fixed one

pdfTeX warning (dest): name{section.4} has been referenced but does not exist, 
replaced by a fixed one

pdfTeX warning (dest): name{section.3} has been referenced but does not exist, 
replaced by a fixed one

pdfTeX warning (dest): name{section.2} has been referenced but does not exist, 
replaced by a fixed one

pdfTeX warning (dest): name{section.1} has been referenced but does not exist, 
replaced by a fixed one

 </sessions/sweet-wonderful-gates/.texlive2021/texmf-var/fonts/pk/ljfour/jknapp
en/ec/ecbx1200.600pk> </sessions/sweet-wonderful-gates/.texlive2021/texmf-var/f
onts/pk/ljfour/jknappen/ec/ecbx0900.600pk> </sessions/sweet-wonderful-gates/.te
xlive2021/texmf-var/fonts/pk/ljfour/jknappen/ec/ectt0900.600pk> </sessions/swee
t-wonderful-gates/.texlive2021/texmf-var/fonts/pk/ljfour/jknappen/ec/ecrm0900.6
00pk> </sessions/sweet-wonderful-gates/.texlive2021/texmf-var/fonts/pk/ljfour/j
knappen/ec/ecrm1000.600pk> </sessions/sweet-wonderful-gates/.texlive2021/texmf-
var/fonts/pk/ljfour/jknappen/ec/ecbx1440.600pk></usr/share/texlive/texmf-dist/f
onts/type1/public/amsfonts/cm/cmmi10.pfb></usr/share/texlive/texmf-dist/fonts/t
ype1/public/amsfonts/cm/cmr6.pfb></usr/share/texlive/texmf-dist/fonts/type1/pub
lic/amsfonts/cm/cmsy10.pfb>
Output written on generated.pdf (5 pages, 119746 bytes).
Transcript written on generated.log.

2026-03-18 17:29:19  DEBUG     compiler.latex_compiler   pdflatex pass 2 stdout (last 1500 chars):
usr/share/texlive/texmf-dist/tex/latex/latexconfig/epstopdf-sys.cfg))
(/usr/share/texlive/texmf-dist/tex/latex/hyperref/nameref.sty
(/usr/share/texlive/texmf-dist/tex/latex/refcount/refcount.sty)
(/usr/share/texlive/texmf-dist/tex/generic/gettitlestring/gettitlestring.sty))
(./generated.out) (./generated.out)
(/usr/share/texlive/texmf-dist/tex/latex/amsfonts/umsa.fd)
(/usr/share/texlive/texmf-dist/tex/latex/amsfonts/umsb.fd)
(/usr/share/texlive/texmf-dist/tex/latex/base/t1cmtt.fd) [1{/var/lib/texmf/font
s/map/pdftex/updmap/pdftex.map}] [2] [3] [4] [5] (./generated.aux) ) </sessions
/sweet-wonderful-gates/.texlive2021/texmf-var/fonts/pk/ljfour/jknappen/ec/ecbx1
200.600pk> </sessions/sweet-wonderful-gates/.texlive2021/texmf-var/fonts/pk/ljf
our/jknappen/ec/ecbx0900.600pk> </sessions/sweet-wonderful-gates/.texlive2021/t
exmf-var/fonts/pk/ljfour/jknappen/ec/ectt0900.600pk> </sessions/sweet-wonderful
-gates/.texlive2021/texmf-var/fonts/pk/ljfour/jknappen/ec/ecrm0900.600pk> </ses
sions/sweet-wonderful-gates/.texlive2021/texmf-var/fonts/pk/ljfour/jknappen/ec/
ecrm1000.600pk> </sessions/sweet-wonderful-gates/.texlive2021/texmf-var/fonts/p
k/ljfour/jknappen/ec/ecbx1440.600pk></usr/share/texlive/texmf-dist/fonts/type1/
public/amsfonts/cm/cmmi10.pfb></usr/share/texlive/texmf-dist/fonts/type1/public
/amsfonts/cm/cmr6.pfb></usr/share/texlive/texmf-dist/fonts/type1/public/amsfont
s/cm/cmsy10.pfb>
Output written on generated.pdf (5 pages, 118213 bytes).
Transcript written on generated.log.

2026-03-18 17:29:19  INFO      compiler.latex_compiler   PDF written to /sessions/sweet-wonderful-gates/mnt/formatter/output/generated_springer.pdf
2026-03-18 17:29:19  INFO      pipeline                  RUN END — /sessions/sweet-wonderful-gates/mnt/formatter/output/generated_springer.pdf  (24.5s)
2026-03-18 17:29:19  INFO      pipeline                  
2026-03-18 17:32:31  INFO      pipeline                  ======================================================================
2026-03-18 17:32:31  INFO      pipeline                  RUN START
2026-03-18 17:32:31  INFO      pipeline                    input    = your_paper.pdf
2026-03-18 17:32:31  INFO      pipeline                    template = ieee
2026-03-18 17:32:31  INFO      pipeline                    parser   = heuristic
2026-03-18 17:32:31  INFO      pipeline                  ======================================================================
2026-03-18 17:32:31  INFO      pipeline                  [1/5] Extractor — PDF/DOCX → text + tables + images
2026-03-18 17:32:31  WARNING   extractor.pdf_extractor   pymupdf not installed — falling back to plain text extraction
2026-03-18 17:32:32  INFO      extractor.pdf_extractor   Fallback extraction: 169 line-blocks from 5 pages
2026-03-18 17:32:33  INFO      extractor.pdf_extractor   PDF extraction: 169 blocks, 11820 chars, 1 tables
2026-03-18 17:32:33  INFO      pipeline                    extracted: 11820 chars | 1 tables | 0 images
2026-03-18 17:32:33  INFO      pipeline                  [2/5] Parser — raw text → structured Document
2026-03-18 17:32:33  INFO      parser.heuristic          Attached 1 table(s) to sections
2026-03-18 17:32:33  INFO      parser.heuristic          Extracted 8 references
2026-03-18 17:32:33  INFO      parser.heuristic          parse: title='Volume XXIV, 46 – No. 1, 2022, DOI: 10.3'  authors=2  sections=13  refs=8
2026-03-18 17:32:33  INFO      pipeline                    doc: title='Volume XXIV, 46 – No. 1, 2022, DOI: 10.35116/aa.20'  authors=2  sections=13  tables=1  refs=8
2026-03-18 17:32:33  INFO      pipeline                  [3/5] Normalizer — fix ligatures, unicode, math
2026-03-18 17:32:33  INFO      pipeline                  [4/5] Renderer — Document → LaTeX [ieee]
2026-03-18 17:32:33  INFO      pipeline                  [5/5] Compiler — .tex → PDF
2026-03-18 17:32:40  DEBUG     compiler.latex_compiler   pdflatex pass 1 stdout (last 1500 chars):
ph at lines 46--47
[]\T1/ptm/m/n/10 Mathematical for-mu-las con-tain math-e-mat-i-cal con-stants,

Overfull \hbox (49.83818pt too wide) in paragraph at lines 53--67
 [][] 
[1{/var/lib/texmf/fonts/map/pdftex/updmap/pdftex.map}] [2]

** Conference Paper **
Before submitting the final camera ready copy, remember to:

 1. Manually equalize the lengths of two columns on the last page
 of your paper;

 2. Ensure that any PostScript and/or PDF output post-processing
 uses only Type 1 fonts and that every step in the generation
 process uses the appropriate paper size.

[3] (./generated.aux)

Package rerunfilecheck Warning: File `generated.out' has changed.
(rerunfilecheck)                Rerun to get outlines right
(rerunfilecheck)                or use package `bookmark'.

 )
(see the transcript file for additional information)pdfTeX warning (dest): name
{chapter.1} has been referenced but does not exist, replaced by a fixed one

{/usr/share/texlive/texmf-dist/fonts/enc/dvips/base/8r.enc}</usr/share/texlive/
texmf-dist/fonts/type1/public/amsfonts/cm/cmmi10.pfb></usr/share/texlive/texmf-
dist/fonts/type1/public/amsfonts/cm/cmsy10.pfb></usr/share/texlive/texmf-dist/f
onts/type1/urw/times/utmb8a.pfb></usr/share/texlive/texmf-dist/fonts/type1/urw/
times/utmbi8a.pfb></usr/share/texlive/texmf-dist/fonts/type1/urw/times/utmr8a.p
fb></usr/share/texlive/texmf-dist/fonts/type1/urw/times/utmri8a.pfb>
Output written on generated.pdf (3 pages, 84056 bytes).
Transcript written on generated.log.

2026-03-18 17:32:48  DEBUG     compiler.latex_compiler   pdflatex pass 2 stdout (last 1500 chars):
unt/refcount.sty)
(/usr/share/texlive/texmf-dist/tex/generic/gettitlestring/gettitlestring.sty))
(./generated.out) (./generated.out)
(/usr/share/texlive/texmf-dist/tex/latex/amsfonts/umsa.fd)
(/usr/share/texlive/texmf-dist/tex/latex/amsfonts/umsb.fd)
Underfull \hbox (badness 1383) in paragraph at lines 46--47
[]\T1/ptm/m/n/10 Mathematical for-mu-las con-tain math-e-mat-i-cal con-stants,

Overfull \hbox (49.83818pt too wide) in paragraph at lines 53--67
 [][] 
[1{/var/lib/texmf/fonts/map/pdftex/updmap/pdftex.map}] [2]

** Conference Paper **
Before submitting the final camera ready copy, remember to:

 1. Manually equalize the lengths of two columns on the last page
 of your paper;

 2. Ensure that any PostScript and/or PDF output post-processing
 uses only Type 1 fonts and that every step in the generation
 process uses the appropriate paper size.

[3] (./generated.aux) )
(see the transcript file for additional information){/usr/share/texlive/texmf-d
ist/fonts/enc/dvips/base/8r.enc}</usr/share/texlive/texmf-dist/fonts/type1/publ
ic/amsfonts/cm/cmmi10.pfb></usr/share/texlive/texmf-dist/fonts/type1/public/ams
fonts/cm/cmsy10.pfb></usr/share/texlive/texmf-dist/fonts/type1/urw/times/utmb8a
.pfb></usr/share/texlive/texmf-dist/fonts/type1/urw/times/utmbi8a.pfb></usr/sha
re/texlive/texmf-dist/fonts/type1/urw/times/utmr8a.pfb></usr/share/texlive/texm
f-dist/fonts/type1/urw/times/utmri8a.pfb>
Output written on generated.pdf (3 pages, 85014 bytes).
Transcript written on generated.log.

2026-03-18 17:32:48  INFO      compiler.latex_compiler   PDF written to /sessions/sweet-wonderful-gates/mnt/formatter/output/generated_ieee.pdf
2026-03-18 17:32:48  INFO      pipeline                  RUN END — /sessions/sweet-wonderful-gates/mnt/formatter/output/generated_ieee.pdf  (16.8s)
2026-03-18 17:32:48  INFO      pipeline                  
2026-03-18 17:33:24  INFO      pipeline                  ======================================================================
2026-03-18 17:33:24  INFO      pipeline                  RUN START
2026-03-18 17:33:24  INFO      pipeline                    input    = your_paper.pdf
2026-03-18 17:33:24  INFO      pipeline                    template = ieee
2026-03-18 17:33:24  INFO      pipeline                    parser   = heuristic
2026-03-18 17:33:24  INFO      pipeline                  ======================================================================
2026-03-18 17:33:24  INFO      pipeline                  [1/5] Extractor — PDF/DOCX → text + tables + images
2026-03-18 17:33:25  INFO      extractor.pdf_extractor   PDF extraction: 65 blocks, 11782 chars, 1 tables
2026-03-18 17:33:25  INFO      pipeline                    extracted: 11782 chars | 1 tables | 0 images
2026-03-18 17:33:25  INFO      pipeline                  [2/5] Parser — raw text → structured Document
2026-03-18 17:33:25  INFO      parser.heuristic          Attached 1 table(s) to sections
2026-03-18 17:33:25  INFO      parser.heuristic          parse: title='THE FORMULAS'  authors=1  sections=12  refs=0
2026-03-18 17:33:25  INFO      pipeline                    doc: title='THE FORMULAS'  authors=1  sections=12  tables=1  refs=0
2026-03-18 17:33:25  INFO      pipeline                  [3/5] Normalizer — fix ligatures, unicode, math
2026-03-18 17:33:25  INFO      pipeline                  [4/5] Renderer — Document → LaTeX [ieee]
2026-03-18 17:33:25  INFO      pipeline                  [5/5] Compiler — .tex → PDF
2026-03-18 17:33:25  DEBUG     compiler.latex_compiler   pdflatex pass 1 stdout (last 1500 chars):
s/enc/dvips/bas
e/8r.enc}] [2]

** Conference Paper **
Before submitting the final camera ready copy, remember to:

 1. Manually equalize the lengths of two columns on the last page
 of your paper;

 2. Ensure that any PostScript and/or PDF output post-processing
 uses only Type 1 fonts and that every step in the generation
 process uses the appropriate paper size.

[3] (generated.aux)

Package rerunfilecheck Warning: File `generated.out' has changed.
(rerunfilecheck)                Rerun to get outlines right
(rerunfilecheck)                or use package `bookmark'.

 )
(see the transcript file for additional information)
pdfTeX warning (dest): name{section*.1} has been referenced but does not exist,
 replaced by a fixed one


pdfTeX warning (dest): name{section.13} has been referenced but does not exist,
 replaced by a fixed one

<C:/Users/janme/scoop/apps/latex/current/texmfs/install/fonts/type1/public/amsf
onts/cm/cmmi10.pfb><C:/Users/janme/scoop/apps/latex/current/texmfs/install/font
s/type1/public/amsfonts/cm/cmsy10.pfb><C:/Users/janme/scoop/apps/latex/current/
texmfs/install/fonts/type1/urw/times/utmb8a.pfb><C:/Users/janme/scoop/apps/late
x/current/texmfs/install/fonts/type1/urw/times/utmbi8a.pfb><C:/Users/janme/scoo
p/apps/latex/current/texmfs/install/fonts/type1/urw/times/utmr8a.pfb><C:/Users/
janme/scoop/apps/latex/current/texmfs/install/fonts/type1/urw/times/utmri8a.pfb
>
Output written on generated.pdf (3 pages, 99320 bytes).
Transcript written on generated.log.

2026-03-18 17:33:26  DEBUG     compiler.latex_compiler   pdflatex pass 2 stdout (last 1500 chars):
\texmfs\install\tex/latex/amsfonts\umsb
.fd)
Underfull \hbox (badness 1383) in paragraph at lines 54--55
[]\T1/ptm/m/n/10 Mathematical for-mu-las con-tain math-e-mat-i-cal con-stants,

Overfull \hbox (49.83818pt too wide) in paragraph at lines 61--75
 [][] 
[1{C:/Users/janme/scoop/apps/latex/current/texmfs/data/fonts/map/pdftex/pdftex.
map}{C:/Users/janme/scoop/apps/latex/current/texmfs/install/fonts/enc/dvips/bas
e/8r.enc}] [2]

** Conference Paper **
Before submitting the final camera ready copy, remember to:

 1. Manually equalize the lengths of two columns on the last page
 of your paper;

 2. Ensure that any PostScript and/or PDF output post-processing
 uses only Type 1 fonts and that every step in the generation
 process uses the appropriate paper size.

[3] (generated.aux) )
(see the transcript file for additional information)<C:/Users/janme/scoop/apps/
latex/current/texmfs/install/fonts/type1/public/amsfonts/cm/cmmi10.pfb><C:/User
s/janme/scoop/apps/latex/current/texmfs/install/fonts/type1/public/amsfonts/cm/
cmsy10.pfb><C:/Users/janme/scoop/apps/latex/current/texmfs/install/fonts/type1/
urw/times/utmb8a.pfb><C:/Users/janme/scoop/apps/latex/current/texmfs/install/fo
nts/type1/urw/times/utmbi8a.pfb><C:/Users/janme/scoop/apps/latex/current/texmfs
/install/fonts/type1/urw/times/utmr8a.pfb><C:/Users/janme/scoop/apps/latex/curr
ent/texmfs/install/fonts/type1/urw/times/utmri8a.pfb>
Output written on generated.pdf (3 pages, 98608 bytes).
Transcript written on generated.log.

2026-03-18 17:33:26  INFO      compiler.latex_compiler   PDF written to C:\Users\janme\Desktop\minor\formatter\output\generated_ieee.pdf
2026-03-18 17:33:26  INFO      pipeline                  RUN END — C:\Users\janme\Desktop\minor\formatter\output\generated_ieee.pdf  (1.7s)
2026-03-18 17:33:26  INFO      pipeline                  
