2026-03-18 17:33:24  INFO      pipeline                  ======================================================================
2026-03-18 17:33:24  INFO      pipeline                  RUN START
2026-03-18 17:33:24  INFO      pipeline                    input    = your_paper.pdf
2026-03-18 17:33:24  INFO      pipeline                    template = ieee
2026-03-18 17:33:24  INFO      pipeline                    parser   = heuristic
2026-03-18 17:33:24  INFO      pipeline                  ======================================================================
2026-03-18 17:33:24  INFO      pipeline                  [1/5] Extractor — PDF/DOCX → text + tables + images
2026-03-18 17:33:25  INFO      extractor.pdf_extractor   PDF extraction: 65 blocks, 11782 chars, 1 tables
2026-03-18 17:33:25  INFO      pipeline                    extracted: 11782 chars | 1 tables | 0 images
2026-03-18 17:33:25  INFO      pipeline                  [2/5] Parser — raw text → structured Document
2026-03-18 17:33:25  INFO      parser.heuristic          Attached 1 table(s) to sections
2026-03-18 17:33:25  INFO      parser.heuristic          parse: title='THE FORMULAS'  authors=1  sections=12  refs=0
2026-03-18 17:33:25  INFO      pipeline                    doc: title='THE FORMULAS'  authors=1  sections=12  tables=1  refs=0
2026-03-18 17:33:25  INFO      pipeline                  [3/5] Normalizer — fix ligatures, unicode, math
2026-03-18 17:33:25  INFO      pipeline                  [4/5] Renderer — Document → LaTeX [ieee]
2026-03-18 17:33:25  INFO      pipeline                  [5/5] Compiler — .tex → PDF
2026-03-18 17:33:25  DEBUG     compiler.latex_compiler   pdflatex pass 1 stdout (last 1500 chars):
s/enc/dvips/bas
e/8r.enc}] [2]

** Conference Paper **
Before submitting the final camera ready copy, remember to:

 1. Manually equalize the lengths of two columns on the last page
 of your paper;

 2. Ensure that any PostScript and/or PDF output post-processing
 uses only Type 1 fonts and that every step in the generation
 process uses the appropriate paper size.

[3] (generated.aux)

Package rerunfilecheck Warning: File `generated.out' has changed.
(rerunfilecheck)                Rerun to get outlines right
(rerunfilecheck)                or use package `bookmark'.

 )
(see the transcript file for additional information)
pdfTeX warning (dest): name{section*.1} has been referenced but does not exist,
 replaced by a fixed one


pdfTeX warning (dest): name{section.13} has been referenced but does not exist,
 replaced by a fixed one

<C:/Users/janme/scoop/apps/latex/current/texmfs/install/fonts/type1/public/amsf
onts/cm/cmmi10.pfb><C:/Users/janme/scoop/apps/latex/current/texmfs/install/font
s/type1/public/amsfonts/cm/cmsy10.pfb><C:/Users/janme/scoop/apps/latex/current/
texmfs/install/fonts/type1/urw/times/utmb8a.pfb><C:/Users/janme/scoop/apps/late
x/current/texmfs/install/fonts/type1/urw/times/utmbi8a.pfb><C:/Users/janme/scoo
p/apps/latex/current/texmfs/install/fonts/type1/urw/times/utmr8a.pfb><C:/Users/
janme/scoop/apps/latex/current/texmfs/install/fonts/type1/urw/times/utmri8a.pfb
>
Output written on generated.pdf (3 pages, 99320 bytes).
Transcript written on generated.log.

2026-03-18 17:33:26  DEBUG     compiler.latex_compiler   pdflatex pass 2 stdout (last 1500 chars):
\texmfs\install\tex/latex/amsfonts\umsb
.fd)
Underfull \hbox (badness 1383) in paragraph at lines 54--55
[]\T1/ptm/m/n/10 Mathematical for-mu-las con-tain math-e-mat-i-cal con-stants,

Overfull \hbox (49.83818pt too wide) in paragraph at lines 61--75
 [][] 
[1{C:/Users/janme/scoop/apps/latex/current/texmfs/data/fonts/map/pdftex/pdftex.
map}{C:/Users/janme/scoop/apps/latex/current/texmfs/install/fonts/enc/dvips/bas
e/8r.enc}] [2]

** Conference Paper **
Before submitting the final camera ready copy, remember to:

 1. Manually equalize the lengths of two columns on the last page
 of your paper;

 2. Ensure that any PostScript and/or PDF output post-processing
 uses only Type 1 fonts and that every step in the generation
 process uses the appropriate paper size.

[3] (generated.aux) )
(see the transcript file for additional information)<C:/Users/janme/scoop/apps/
latex/current/texmfs/install/fonts/type1/public/amsfonts/cm/cmmi10.pfb><C:/User
s/janme/scoop/apps/latex/current/texmfs/install/fonts/type1/public/amsfonts/cm/
cmsy10.pfb><C:/Users/janme/scoop/apps/latex/current/texmfs/install/fonts/type1/
urw/times/utmb8a.pfb><C:/Users/janme/scoop/apps/latex/current/texmfs/install/fo
nts/type1/urw/times/utmbi8a.pfb><C:/Users/janme/scoop/apps/latex/current/texmfs
/install/fonts/type1/urw/times/utmr8a.pfb><C:/Users/janme/scoop/apps/latex/curr
ent/texmfs/install/fonts/type1/urw/times/utmri8a.pfb>
Output written on generated.pdf (3 pages, 98608 bytes).
Transcript written on generated.log.

2026-03-18 17:33:26  INFO      compiler.latex_compiler   PDF written to C:\Users\janme\Desktop\minor\formatter\output\generated_ieee.pdf
2026-03-18 17:33:26  INFO      pipeline                  RUN END — C:\Users\janme\Desktop\minor\formatter\output\generated_ieee.pdf  (1.7s)
2026-03-18 17:33:26  INFO      pipeline                  
