This is pdfTeX, Version 3.141592653-2.6-1.40.28 (MiKTeX 25.12 Portable) (preloaded format=pdflatex 2026.3.16)  18 MAR 2026 00:10
entering extended mode
 restricted \write18 enabled.
 %&-line parsing enabled.
**C:/Users/janme/Desktop/minor/formatter/intermediate/generated.tex
(C:/Users/janme/Desktop/minor/formatter/intermediate/generated.tex
LaTeX2e <2025-11-01>
L3 programming layer <2025-12-24>

(C:\Users\janme\scoop\apps\latex\current\texmfs\install\tex/latex/ieeetran\IEEE
tran.cls
Document Class: IEEEtran 2015/08/26 V1.8b by Michael Shell
-- See the "IEEEtran_HOWTO" manual for usage information.
-- http://www.michaelshell.org/tex/ieeetran/
\@IEEEtrantmpdimenA=\dimen148
\@IEEEtrantmpdimenB=\dimen149
\@IEEEtrantmpdimenC=\dimen150
\@IEEEtrantmpcountA=\count275
\@IEEEtrantmpcountB=\count276
\@IEEEtrantmpcountC=\count277
\@IEEEtrantmptoksA=\toks17
LaTeX Font Info:    Trying to load font information for OT1+ptm on input line 5
03.

(C:\Users\janme\scoop\apps\latex\current\texmfs\install\tex/latex/psnfss\ot1ptm
.fd
File: ot1ptm.fd 2001/06/04 font definitions for OT1/ptm.
)
-- Using 8.5in x 11in (letter) paper.
-- Using PDF output.
\@IEEEnormalsizeunitybaselineskip=\dimen151
-- This is a 10 point document.
LaTeX Encoding Info:    Redeclaring text command \textunderscore (encoding ?) o
n input line 937.
\CLASSINFOnormalsizebaselineskip=\dimen152
\CLASSINFOnormalsizeunitybaselineskip=\dimen153
\IEEEnormaljot=\dimen154
LaTeX Font Info:    Font shape `OT1/ptm/bx/n' in size <5> not available
(Font)              Font shape `OT1/ptm/b/n' tried instead on input line 1090.
LaTeX Font Info:    Font shape `OT1/ptm/bx/it' in size <5> not available
(Font)              Font shape `OT1/ptm/b/it' tried instead on input line 1090.

LaTeX Font Info:    Font shape `OT1/ptm/bx/n' in size <7> not available
(Font)              Font shape `OT1/ptm/b/n' tried instead on input line 1090.
LaTeX Font Info:    Font shape `OT1/ptm/bx/it' in size <7> not available
(Font)              Font shape `OT1/ptm/b/it' tried instead on input line 1090.

LaTeX Font Info:    Font shape `OT1/ptm/bx/n' in size <8> not available
(Font)              Font shape `OT1/ptm/b/n' tried instead on input line 1090.
LaTeX Font Info:    Font shape `OT1/ptm/bx/it' in size <8> not available
(Font)              Font shape `OT1/ptm/b/it' tried instead on input line 1090.

LaTeX Font Info:    Font shape `OT1/ptm/bx/n' in size <9> not available
(Font)              Font shape `OT1/ptm/b/n' tried instead on input line 1090.
LaTeX Font Info:    Font shape `OT1/ptm/bx/it' in size <9> not available
(Font)              Font shape `OT1/ptm/b/it' tried instead on input line 1090.

LaTeX Font Info:    Font shape `OT1/ptm/bx/n' in size <10> not available
(Font)              Font shape `OT1/ptm/b/n' tried instead on input line 1090.
LaTeX Font Info:    Font shape `OT1/ptm/bx/it' in size <10> not available
(Font)              Font shape `OT1/ptm/b/it' tried instead on input line 1090.

LaTeX Font Info:    Font shape `OT1/ptm/bx/n' in size <11> not available
(Font)              Font shape `OT1/ptm/b/n' tried instead on input line 1090.
LaTeX Font Info:    Font shape `OT1/ptm/bx/it' in size <11> not available
(Font)              Font shape `OT1/ptm/b/it' tried instead on input line 1090.

LaTeX Font Info:    Font shape `OT1/ptm/bx/n' in size <12> not available
(Font)              Font shape `OT1/ptm/b/n' tried instead on input line 1090.
LaTeX Font Info:    Font shape `OT1/ptm/bx/it' in size <12> not available
(Font)              Font shape `OT1/ptm/b/it' tried instead on input line 1090.

LaTeX Font Info:    Font shape `OT1/ptm/bx/n' in size <17> not available
(Font)              Font shape `OT1/ptm/b/n' tried instead on input line 1090.
LaTeX Font Info:    Font shape `OT1/ptm/bx/it' in size <17> not available
(Font)              Font shape `OT1/ptm/b/it' tried instead on input line 1090.

LaTeX Font Info:    Font shape `OT1/ptm/bx/n' in size <20> not available
(Font)              Font shape `OT1/ptm/b/n' tried instead on input line 1090.
LaTeX Font Info:    Font shape `OT1/ptm/bx/it' in size <20> not available
(Font)              Font shape `OT1/ptm/b/it' tried instead on input line 1090.

LaTeX Font Info:    Font shape `OT1/ptm/bx/n' in size <24> not available
(Font)              Font shape `OT1/ptm/b/n' tried instead on input line 1090.
LaTeX Font Info:    Font shape `OT1/ptm/bx/it' in size <24> not available
(Font)              Font shape `OT1/ptm/b/it' tried instead on input line 1090.

\IEEEquantizedlength=\dimen155
\IEEEquantizedlengthdiff=\dimen156
\IEEEquantizedtextheightdiff=\dimen157
\IEEEilabelindentA=\dimen158
\IEEEilabelindentB=\dimen159
\IEEEilabelindent=\dimen160
\IEEEelabelindent=\dimen161
\IEEEdlabelindent=\dimen162
\IEEElabelindent=\dimen163
\IEEEiednormlabelsep=\dimen164
\IEEEiedmathlabelsep=\dimen165
\IEEEiedtopsep=\skip49
\c@section=\count278
\c@subsection=\count279
\c@subsubsection=\count280
\c@paragraph=\count281
\c@IEEEsubequation=\count282
\abovecaptionskip=\skip50
\belowcaptionskip=\skip51
\c@figure=\count283
\c@table=\count284
\@IEEEeqnnumcols=\count285
\@IEEEeqncolcnt=\count286
\@IEEEsubeqnnumrollback=\count287
\@IEEEquantizeheightA=\dimen166
\@IEEEquantizeheightB=\dimen167
\@IEEEquantizeheightC=\dimen168
\@IEEEquantizeprevdepth=\dimen169
\@IEEEquantizemultiple=\count288
\@IEEEquantizeboxA=\box53
\@IEEEtmpitemindent=\dimen170
\IEEEPARstartletwidth=\dimen171
\c@IEEEbiography=\count289
\@IEEEtranrubishbin=\box54
)
** ATTENTION: Overriding command lockouts (line 2).

(C:\Users\janme\scoop\apps\latex\current\texmfs\install\tex/latex/base\inputenc
.sty
Package: inputenc 2024/02/08 v1.3d Input encoding file
\inpenc@prehook=\toks18
\inpenc@posthook=\toks19
)
(C:\Users\janme\scoop\apps\latex\current\texmfs\install\tex/latex/base\fontenc.
sty
Package: fontenc 2025/07/18 v2.1d Standard LaTeX package
LaTeX Font Info:    Trying to load font information for T1+ptm on input line 11
6.

(C:\Users\janme\scoop\apps\latex\current\texmfs\install\tex/latex/psnfss\t1ptm.
fd
File: t1ptm.fd 2001/06/04 font definitions for T1/ptm.
))
(C:\Users\janme\scoop\apps\latex\current\texmfs\install\tex/latex/cite\cite.sty
LaTeX Info: Redefining \cite on input line 302.
LaTeX Info: Redefining \nocite on input line 332.
Package: cite 2015/02/27  v 5.5
)
(C:\Users\janme\scoop\apps\latex\current\texmfs\install\tex/latex/amsmath\amsma
th.sty
Package: amsmath 2025/07/09 v2.17z AMS math features
\@mathmargin=\skip52

For additional information on amsmath, use the `?' option.

(C:\Users\janme\scoop\apps\latex\current\texmfs\install\tex/latex/amsmath\amste
xt.sty
Package: amstext 2024/11/17 v2.01 AMS text

(C:\Users\janme\scoop\apps\latex\current\texmfs\install\tex/latex/amsmath\amsge
n.sty
File: amsgen.sty 1999/11/30 v2.0 generic functions
\@emptytoks=\toks20
\ex@=\dimen172
))
(C:\Users\janme\scoop\apps\latex\current\texmfs\install\tex/latex/amsmath\amsbs
y.sty
Package: amsbsy 1999/11/29 v1.2d Bold Symbols
\pmbraise@=\dimen173
)
(C:\Users\janme\scoop\apps\latex\current\texmfs\install\tex/latex/amsmath\amsop
n.sty
Package: amsopn 2022/04/08 v2.04 operator names
)
\inf@bad=\count290
LaTeX Info: Redefining \frac on input line 233.
\uproot@=\count291
\leftroot@=\count292
LaTeX Info: Redefining \overline on input line 398.
LaTeX Info: Redefining \colon on input line 409.
\classnum@=\count293
\DOTSCASE@=\count294
LaTeX Info: Redefining \ldots on input line 495.
LaTeX Info: Redefining \dots on input line 498.
LaTeX Info: Redefining \cdots on input line 619.
\Mathstrutbox@=\box55
\strutbox@=\box56
LaTeX Info: Redefining \big on input line 721.
LaTeX Info: Redefining \Big on input line 722.
LaTeX Info: Redefining \bigg on input line 723.
LaTeX Info: Redefining \Bigg on input line 724.
\big@size=\dimen174
LaTeX Font Info:    Redeclaring font encoding OML on input line 742.
LaTeX Font Info:    Redeclaring font encoding OMS on input line 743.
\macc@depth=\count295
LaTeX Info: Redefining \bmod on input line 904.
LaTeX Info: Redefining \pmod on input line 909.
LaTeX Info: Redefining \smash on input line 939.
LaTeX Info: Redefining \relbar on input line 969.
LaTeX Info: Redefining \Relbar on input line 970.
\c@MaxMatrixCols=\count296
\dotsspace@=\muskip17
\c@parentequation=\count297
\dspbrk@lvl=\count298
\tag@help=\toks21
\row@=\count299
\column@=\count300
\maxfields@=\count301
\andhelp@=\toks22
\eqnshift@=\dimen175
\alignsep@=\dimen176
\tagshift@=\dimen177
\tagwidth@=\dimen178
\totwidth@=\dimen179
\lineht@=\dimen180
\@envbody=\toks23
\multlinegap=\skip53
\multlinetaggap=\skip54
\mathdisplay@stack=\toks24
LaTeX Info: Redefining \[ on input line 2950.
LaTeX Info: Redefining \] on input line 2951.
)
(C:\Users\janme\scoop\apps\latex\current\texmfs\install\tex/latex/amsfonts\amss
ymb.sty
Package: amssymb 2013/01/14 v3.01 AMS font symbols

(C:\Users\janme\scoop\apps\latex\current\texmfs\install\tex/latex/amsfonts\amsf
onts.sty
Package: amsfonts 2013/01/14 v3.01 Basic AMSFonts support
\symAMSa=\mathgroup4
\symAMSb=\mathgroup5
LaTeX Font Info:    Redeclaring math symbol \hbar on input line 98.
LaTeX Font Info:    Overwriting math alphabet `\mathfrak' in version `bold'
(Font)                  U/euf/m/n --> U/euf/b/n on input line 106.
))
(C:\Users\janme\scoop\apps\latex\current\texmfs\install\tex/latex/algorithms\al
gorithmic.sty
Package: algorithmic 2009/08/24 v0.1 Document Style `algorithmic'

(C:\Users\janme\scoop\apps\latex\current\texmfs\install\tex/latex/base\ifthen.s
ty
Package: ifthen 2024/03/16 v1.1e Standard LaTeX ifthen package (DPC)
)
(C:\Users\janme\scoop\apps\latex\current\texmfs\install\tex/latex/graphics\keyv
al.sty
Package: keyval 2022/05/29 v1.15 key=value parser (DPC)
\KV@toks@=\toks25
)
\c@ALC@unique=\count302
\c@ALC@line=\count303
\c@ALC@rem=\count304
\c@ALC@depth=\count305
\ALC@tlm=\skip55
\algorithmicindent=\skip56
)
(C:\Users\janme\scoop\apps\latex\current\texmfs\install\tex/latex/graphics\grap
hicx.sty
Package: graphicx 2024/12/31 v1.2e Enhanced LaTeX Graphics (DPC,SPQR)

(C:\Users\janme\scoop\apps\latex\current\texmfs\install\tex/latex/graphics\grap
hics.sty
Package: graphics 2024/08/06 v1.4g Standard LaTeX Graphics (DPC,SPQR)

(C:\Users\janme\scoop\apps\latex\current\texmfs\install\tex/latex/graphics\trig
.sty
Package: trig 2023/12/02 v1.11 sin cos tan (DPC)
)
(C:\Users\janme\scoop\apps\latex\current\texmfs\install\tex/latex/graphics-cfg\
graphics.cfg
File: graphics.cfg 2016/06/04 v1.11 sample graphics configuration
)
Package graphics Info: Driver file: pdftex.def on input line 106.

(C:\Users\janme\scoop\apps\latex\current\texmfs\install\tex/latex/graphics-def\
pdftex.def
File: pdftex.def 2025/09/29 v1.2d Graphics/color driver for pdftex
))
\Gin@req@height=\dimen181
\Gin@req@width=\dimen182
)
(C:\Users\janme\scoop\apps\latex\current\texmfs\install\tex/latex/base\textcomp
.sty
Package: textcomp 2024/04/24 v2.1b Standard LaTeX package
)
(C:\Users\janme\scoop\apps\latex\current\texmfs\install\tex/latex/xcolor\xcolor
.sty
Package: xcolor 2024/09/29 v3.02 LaTeX color extensions (UK)

(C:\Users\janme\scoop\apps\latex\current\texmfs\install\tex/latex/graphics-cfg\
color.cfg
File: color.cfg 2016/01/02 v1.6 sample color configuration
)
Package xcolor Info: Driver file: pdftex.def on input line 274.

(C:\Users\janme\scoop\apps\latex\current\texmfs\install\tex/latex/graphics\math
color.ltx)
Package xcolor Info: Model `cmy' substituted by `cmy0' on input line 1349.
Package xcolor Info: Model `hsb' substituted by `rgb' on input line 1353.
Package xcolor Info: Model `RGB' extended on input line 1365.
Package xcolor Info: Model `HTML' substituted by `rgb' on input line 1367.
Package xcolor Info: Model `Hsb' substituted by `hsb' on input line 1368.
Package xcolor Info: Model `tHsb' substituted by `hsb' on input line 1369.
Package xcolor Info: Model `HSB' substituted by `hsb' on input line 1370.
Package xcolor Info: Model `Gray' substituted by `gray' on input line 1371.
Package xcolor Info: Model `wave' substituted by `hsb' on input line 1372.
)
(C:\Users\janme\scoop\apps\latex\current\texmfs\install\tex/latex/float\float.s
ty
Package: float 2001/11/08 v1.3d Float enhancements (AL)
\c@float@type=\count306
\float@exts=\toks26
\float@box=\box57
\@float@everytoks=\toks27
\@floatcapt=\box58
)
(C:\Users\janme\scoop\apps\latex\current\texmfs\install\tex/latex/l3backend\l3b
ackend-pdftex.def
File: l3backend-pdftex.def 2025-10-09 L3 backend support: PDF output (pdfTeX)
\l__color_backend_stack_int=\count307
) (C:\Users\janme\Desktop\minor\formatter\output\generated.aux)
\openout1 = `generated.aux'.

LaTeX Font Info:    Checking defaults for OML/cmm/m/it on input line 15.
LaTeX Font Info:    ... okay on input line 15.
LaTeX Font Info:    Checking defaults for OMS/cmsy/m/n on input line 15.
LaTeX Font Info:    ... okay on input line 15.
LaTeX Font Info:    Checking defaults for OT1/cmr/m/n on input line 15.
LaTeX Font Info:    ... okay on input line 15.
LaTeX Font Info:    Checking defaults for T1/cmr/m/n on input line 15.
LaTeX Font Info:    ... okay on input line 15.
LaTeX Font Info:    Checking defaults for TS1/cmr/m/n on input line 15.
LaTeX Font Info:    ... okay on input line 15.
LaTeX Font Info:    Checking defaults for OMX/cmex/m/n on input line 15.
LaTeX Font Info:    ... okay on input line 15.
LaTeX Font Info:    Checking defaults for U/cmr/m/n on input line 15.
LaTeX Font Info:    ... okay on input line 15.

-- Lines per column: 56 (exact).

(C:\Users\janme\scoop\apps\latex\current\texmfs\install\tex/context/base/mkii\s
upp-pdf.mkii
[Loading MPS to PDF converter (version 2006.09.02).]
\scratchcounter=\count308
\scratchdimen=\dimen183
\scratchbox=\box59
\nofMPsegments=\count309
\nofMParguments=\count310
\everyMPshowfont=\toks28
\MPscratchCnt=\count311
\MPscratchDim=\dimen184
\MPnumerator=\count312
\makeMPintoPDFobject=\count313
\everyMPtoPDFconversion=\toks29
)
(C:\Users\janme\scoop\apps\latex\current\texmfs\install\tex/latex/epstopdf-pkg\
epstopdf-base.sty
Package: epstopdf-base 2020-01-24 v2.11 Base part for package epstopdf
Package epstopdf-base Info: Redefining graphics rule for `.eps' on input line 4
85.

(C:\Users\janme\scoop\apps\latex\current\texmfs\install\tex/latex/00miktex\epst
opdf-sys.cfg
File: epstopdf-sys.cfg 2021/03/18 v2.0 Configuration of epstopdf for MiKTeX
))
LaTeX Font Info:    Trying to load font information for U+msa on input line 47.


(C:\Users\janme\scoop\apps\latex\current\texmfs\install\tex/latex/amsfonts\umsa
.fd
File: umsa.fd 2013/01/14 v3.01 AMS symbols A
)
LaTeX Font Info:    Trying to load font information for U+msb on input line 47.


(C:\Users\janme\scoop\apps\latex\current\texmfs\install\tex/latex/amsfonts\umsb
.fd
File: umsb.fd 2013/01/14 v3.01 AMS symbols B
) [1{C:/Users/janme/scoop/apps/latex/current/texmfs/data/fonts/map/pdftex/pdfte
x.map}{C:/Users/janme/scoop/apps/latex/current/texmfs/install/fonts/enc/dvips/b
ase/8r.enc}


]
LaTeX Info: Symbol \textasciimacron not provided by
            font family ptm in TS1 encoding.
            Default family used instead on input line 63.
LaTeX Info: Symbol \textasciimacron not provided by
            font family ptm in TS1 encoding.
            Default family used instead on input line 63.
LaTeX Info: Symbol \textasciimacron not provided by
            font family ptm in TS1 encoding.
            Default family used instead on input line 67.
LaTeX Info: Symbol \textasciimacron not provided by
            font family ptm in TS1 encoding.
            Default family used instead on input line 69.
LaTeX Info: Symbol \textasciimacron not provided by
            font family ptm in TS1 encoding.
            Default family used instead on input line 69.
LaTeX Info: Symbol \textasciimacron not provided by
            font family ptm in TS1 encoding.
            Default family used instead on input line 71.
LaTeX Info: Symbol \textasciimacron not provided by
            font family ptm in TS1 encoding.
            Default family used instead on input line 71.
LaTeX Info: Symbol \textasciimacron not provided by
            font family ptm in TS1 encoding.
            Default family used instead on input line 71.
LaTeX Info: Symbol \textasciimacron not provided by
            font family ptm in TS1 encoding.
            Default family used instead on input line 71.
 [2] [3]
<C:/Users/janme/Desktop/minor/formatter/intermediate/figures/fig_1.jpeg, id=19,
 1423.3175pt x 777.90625pt>
File: C:/Users/janme/Desktop/minor/formatter/intermediate/figures/fig_1.jpeg Gr
aphic file (type jpg)
<use C:/Users/janme/Desktop/minor/formatter/intermediate/figures/fig_1.jpeg>
Package pdftex.def Info: C:/Users/janme/Desktop/minor/formatter/intermediate/fi
gures/fig_1.jpeg  used on input line 102.
(pdftex.def)             Requested size: 252.0pt x 137.7262pt.
 [4 <C:/Users/janme/Desktop/minor/formatter/intermediate/figures/fig_1.jpeg>]
<C:/Users/janme/Desktop/minor/formatter/intermediate/figures/fig_2.jpeg, id=25,
 1423.3175pt x 721.69624pt>
File: C:/Users/janme/Desktop/minor/formatter/intermediate/figures/fig_2.jpeg Gr
aphic file (type jpg)
<use C:/Users/janme/Desktop/minor/formatter/intermediate/figures/fig_2.jpeg>
Package pdftex.def Info: C:/Users/janme/Desktop/minor/formatter/intermediate/fi
gures/fig_2.jpeg  used on input line 128.
(pdftex.def)             Requested size: 252.0pt x 127.77437pt.


LaTeX Warning: `!h' float specifier changed to `!ht'.

LaTeX Info: Symbol \textasciimacron not provided by
            font family ptm in TS1 encoding.
            Default family used instead on input line 136.
LaTeX Info: Symbol \textasciimacron not provided by
            font family ptm in TS1 encoding.
            Default family used instead on input line 136.
LaTeX Info: Symbol \textasciimacron not provided by
            font family ptm in TS1 encoding.
            Default family used instead on input line 136.

Underfull \hbox (badness 10000) in paragraph at lines 138--139
[]\T1/ptm/m/n/10 LKD = LML kd + $\OML/cmm/m/it/10 $ $\OMS/cmsy/m/n/10 ^^C$\T1/
ptm/m/n/10 MSE($\OML/cmm/m/it/10 ^^^$$^^R$\T1/ptm/m/n/10 (Xkd)$\OMS/cmsy/m/n/10
 >$$\OML/cmm/m/it/10 ^^^$$^^R$\T1/ptm/m/n/10 (Xkd),
 []


Underfull \hbox (badness 6252) in paragraph at lines 138--139
\OML/cmm/m/it/10 ^^^$$^^R$\T1/ptm/m/n/10 c(Xkd)$\OMS/cmsy/m/n/10 >$$\OML/cmm/m/
it/10 ^^^$$^^R$\T1/ptm/m/n/10 c(Xkd)/|S|). (17) c$\OMS/cmsy/m/n/10 2$\T1/ptm/m/
n/10 S here, LML kd is
 []

LaTeX Info: Symbol \textasciimacron not provided by
            font family ptm in TS1 encoding.
            Default family used instead on input line 140.
LaTeX Info: Symbol \textasciimacron not provided by
            font family ptm in TS1 encoding.
            Default family used instead on input line 140.
LaTeX Info: Symbol \textasciimacron not provided by
            font family ptm in TS1 encoding.
            Default family used instead on input line 140.
LaTeX Info: Symbol \textasciimacron not provided by
            font family ptm in TS1 encoding.
            Default family used instead on input line 144.
[5 <C:/Users/janme/Desktop/minor/formatter/intermediate/figures/fig_2.jpeg>]
LaTeX Info: Symbol \textuparrow not provided by
            font family ptm in TS1 encoding.
            Default family used instead on input line 156.
LaTeX Info: Symbol \textdownarrow not provided by
            font family ptm in TS1 encoding.
            Default family used instead on input line 156.

Underfull \hbox (badness 10000) in paragraph at lines 156--157
\T1/ptm/m/n/10 AGE__intermediate/figures/fig_3.jpeg__PAGE_13__Y_322__
 []


Underfull \hbox (badness 1377) in paragraph at lines 156--157
\T1/ptm/m/n/10 and un-cer-tainty es-ti-ma-tion, we con-ducted com-pre-hen-sive
 []


Underfull \hbox (badness 1484) in paragraph at lines 156--157
\T1/ptm/m/n/10 sig-nif-i-cant the dis-tri-bu-tion skew is. Be-fore train-ing, w
e
 []


Underfull \hbox (badness 1648) in paragraph at lines 156--157
\T1/ptm/m/n/10 pro-cess is ter-mi-nated. We re-port the av-er-age min-i-mum
 []

[6]
Underfull \hbox (badness 1603) in paragraph at lines 158--159
[]\T1/ptm/m/n/10 Skillcraft SML Parkin-sons Bike CCPP Train/test size
 []

[7]
LaTeX Info: Symbol \textuparrow not provided by
            font family ptm in TS1 encoding.
            Default family used instead on input line 160.
LaTeX Info: Symbol \textdownarrow not provided by
            font family ptm in TS1 encoding.
            Default family used instead on input line 160.
LaTeX Info: Symbol \textuparrow not provided by
            font family ptm in TS1 encoding.
            Default family used instead on input line 160.
LaTeX Info: Symbol \textuparrow not provided by
            font family ptm in TS1 encoding.
            Default family used instead on input line 160.
LaTeX Info: Symbol \textuparrow not provided by
            font family ptm in TS1 encoding.
            Default family used instead on input line 160.
LaTeX Info: Symbol \textdownarrow not provided by
            font family ptm in TS1 encoding.
            Default family used instead on input line 160.
LaTeX Info: Symbol \textdownarrow not provided by
            font family ptm in TS1 encoding.
            Default family used instead on input line 160.
LaTeX Info: Symbol \textuparrow not provided by
            font family ptm in TS1 encoding.
            Default family used instead on input line 160.
LaTeX Info: Symbol \textdownarrow not provided by
            font family ptm in TS1 encoding.
            Default family used instead on input line 160.
LaTeX Info: Symbol \textuparrow not provided by
            font family ptm in TS1 encoding.
            Default family used instead on input line 164.
LaTeX Info: Symbol \textuparrow not provided by
            font family ptm in TS1 encoding.
            Default family used instead on input line 164.
LaTeX Info: Symbol \textdownarrow not provided by
            font family ptm in TS1 encoding.
            Default family used instead on input line 164.

Underfull \hbox (badness 10000) in paragraph at lines 168--169
\T1/ptm/m/n/10 AGE__intermediate/figures/fig_4.jpeg__PAGE_17__Y_327__
 []

[8]
LaTeX Info: Symbol \textasciimacron not provided by
            font family ptm in TS1 encoding.
            Default family used instead on input line 188.
LaTeX Font Info:    Trying to load font information for TS1+ptm on input line 1
98.

(C:\Users\janme\scoop\apps\latex\current\texmfs\install\tex/latex/psnfss\ts1ptm
.fd
File: ts1ptm.fd 2001/06/04 font definitions for TS1/ptm.
) [9]
<C:/Users/janme/Desktop/minor/formatter/intermediate/figures/fig_5.jpeg, id=43,
 1423.3175pt x 494.84875pt>
File: C:/Users/janme/Desktop/minor/formatter/intermediate/figures/fig_5.jpeg Gr
aphic file (type jpg)
<use C:/Users/janme/Desktop/minor/formatter/intermediate/figures/fig_5.jpeg>
Package pdftex.def Info: C:/Users/janme/Desktop/minor/formatter/intermediate/fi
gures/fig_5.jpeg  used on input line 214.
(pdftex.def)             Requested size: 252.0pt x 87.61163pt.
LaTeX Info: Symbol \textasciimacron not provided by
            font family ptm in TS1 encoding.
            Default family used instead on input line 223.
LaTeX Info: Symbol \textasciimacron not provided by
            font family ptm in TS1 encoding.
            Default family used instead on input line 223.
LaTeX Info: Symbol \textasciimacron not provided by
            font family ptm in TS1 encoding.
            Default family used instead on input line 223.
 [10 <C:/Users/janme/Desktop/minor/formatter/intermediate/figures/fig_5.jpeg>]
LaTeX Info: Symbol \textuparrow not provided by
            font family ptm in TS1 encoding.
            Default family used instead on input line 257.
LaTeX Info: Symbol \textdownarrow not provided by
            font family ptm in TS1 encoding.
            Default family used instead on input line 257.

Underfull \hbox (badness 10000) in paragraph at lines 257--258
\T1/ptm/m/n/10 AGE__intermediate/figures/fig_6.jpeg__PAGE_27__Y_247__
 []

[11]
LaTeX Info: Symbol \textuparrow not provided by
            font family ptm in TS1 encoding.
            Default family used instead on input line 259.
LaTeX Info: Symbol \textuparrow not provided by
            font family ptm in TS1 encoding.
            Default family used instead on input line 261.
LaTeX Info: Symbol \textdownarrow not provided by
            font family ptm in TS1 encoding.
            Default family used instead on input line 261.
LaTeX Info: Symbol \textuparrow not provided by
            font family ptm in TS1 encoding.
            Default family used instead on input line 265.
LaTeX Info: Symbol \textdownarrow not provided by
            font family ptm in TS1 encoding.
            Default family used instead on input line 265.
LaTeX Info: Symbol \textdownarrow not provided by
            font family ptm in TS1 encoding.
            Default family used instead on input line 267.
LaTeX Info: Symbol \textuparrow not provided by
            font family ptm in TS1 encoding.
            Default family used instead on input line 271.
LaTeX Info: Symbol \textdownarrow not provided by
            font family ptm in TS1 encoding.
            Default family used instead on input line 271.

Underfull \hbox (badness 10000) in paragraph at lines 271--272
[]\T1/ptm/m/n/10 ours 1 3 Page 31 of 36 72 Ma-
 []


Underfull \hbox (badness 10000) in paragraph at lines 271--272
\T1/ptm/m/n/10 chine Learn-ing (2026) 115:72 __IM-
 []


Underfull \hbox (badness 10000) in paragraph at lines 271--272
\T1/ptm/m/n/10 AGE__intermediate/figures/fig_7.png__PAGE_30__Y_53__
 []

LaTeX Info: Symbol \textdownarrow not provided by
            font family ptm in TS1 encoding.
            Default family used instead on input line 275.
LaTeX Info: Symbol \textuparrow not provided by
            font family ptm in TS1 encoding.
            Default family used instead on input line 275.
LaTeX Info: Symbol \textdownarrow not provided by
            font family ptm in TS1 encoding.
            Default family used instead on input line 275.
LaTeX Info: Symbol \textdownarrow not provided by
            font family ptm in TS1 encoding.
            Default family used instead on input line 277.
[12]
Underfull \hbox (badness 3525) in paragraph at lines 281--282
\T1/ptm/m/n/10 fund-ing from Huawei Canada un-der Grant Agree-ment
 []


Underfull \hbox (badness 2012) in paragraph at lines 348--408
\T1/ptm/m/n/8 guokaiyang@huawei.com Mahdi Karami mahdikaramia@gmail.com
 []


Underfull \vbox (badness 10000) has occurred while \output is active []

 [13]
Underfull \vbox (badness 10000) has occurred while \output is active []


Underfull \hbox (badness 1946) in paragraph at lines 409--416
[]\T1/ptm/m/n/8 Page 36 of 36 Ma-chine Learn-ing (2026) 115:72 Hongliang Li
 []


** Conference Paper **
Before submitting the final camera ready copy, remember to:

 1. Manually equalize the lengths of two columns on the last page
 of your paper;

 2. Ensure that any PostScript and/or PDF output post-processing
 uses only Type 1 fonts and that every step in the generation
 process uses the appropriate paper size.

[14] (C:\Users\janme\Desktop\minor\formatter\output\generated.aux)
 ***********
LaTeX2e <2025-11-01>
L3 programming layer <2025-12-24>
 ***********
 ) 
Here is how much of TeX's memory you used:
 4633 strings out of 467871
 73867 string characters out of 5413518
 519311 words of memory out of 5000000
 33452 multiletter control sequences out of 15000+600000
 734440 words of font info for 156 fonts, out of 8000000 for 9000
 1141 hyphenation exceptions out of 8191
 57i,8n,65p,10245b,273s stack positions out of 10000i,1000n,20000p,200000b,200000s
 <C:\Users\janme\scoop\apps\latex\current\texmfs/data\fonts/pk/ljfour/jknappe
n/ec/dpi600\tcrm1000.pk><C:/Users/janme/scoop/apps/latex/current/texmfs/install
/fonts/type1/public/amsfonts/cm/cmex10.pfb><C:/Users/janme/scoop/apps/latex/cur
rent/texmfs/install/fonts/type1/public/amsfonts/cm/cmmi10.pfb><C:/Users/janme/s
coop/apps/latex/current/texmfs/install/fonts/type1/public/amsfonts/cm/cmmi8.pfb
><C:/Users/janme/scoop/apps/latex/current/texmfs/install/fonts/type1/public/ams
fonts/cm/cmr10.pfb><C:/Users/janme/scoop/apps/latex/current/texmfs/install/font
s/type1/public/amsfonts/cm/cmr8.pfb><C:/Users/janme/scoop/apps/latex/current/te
xmfs/install/fonts/type1/public/amsfonts/cm/cmsy10.pfb><C:/Users/janme/scoop/ap
ps/latex/current/texmfs/install/fonts/type1/public/amsfonts/cm/cmsy8.pfb><C:/Us
ers/janme/scoop/apps/latex/current/texmfs/install/fonts/type1/public/amsfonts/c
m/cmsy9.pfb><C:/Users/janme/scoop/apps/latex/current/texmfs/install/fonts/type1
/public/amsfonts/symbols/msam10.pfb><C:/Users/janme/scoop/apps/latex/current/te
xmfs/install/fonts/type1/urw/times/utmb8a.pfb><C:/Users/janme/scoop/apps/latex/
current/texmfs/install/fonts/type1/urw/times/utmbi8a.pfb><C:/Users/janme/scoop/
apps/latex/current/texmfs/install/fonts/type1/urw/times/utmr8a.pfb>
Output written on C:\Users\janme\Desktop\minor\formatter\output\generated.pdf (
14 pages, 374140 bytes).
PDF statistics:
 119 PDF objects out of 1000 (max. 8388607)
 0 named destinations out of 1000 (max. 500000)
 16 words of extra memory for PDF output out of 10000 (max. 10000000)

